

Microchip MPLAB XC8 Assembler V3.10 build 20250813170317 
                                                                                               Wed Mar 11 15:55:01 2026

Microchip MPLAB XC8 C Compiler v3.10 (Free license) build 20250813170317 Og1 
     1                           	processor	18F46K22
     2                           	fnconf	rparam,??,?,0
     3                           	pagewidth 120
     4                           	opt	flic
     5                           	psect	cinit,global,reloc=2,class=CODE,space=0,delta=1
     6                           	psect	cstackCOMRAM,global,class=COMRAM,space=1,delta=1,lowdata,noexec
     7                           	psect	text0,global,reloc=2,class=CODE,space=0,delta=1
     8                           	psect	text1,global,reloc=2,class=CODE,space=0,delta=1
     9                           	psect	text2,global,reloc=2,class=CODE,space=0,delta=1
    10                           	psect	intcode,global,reloc=2,class=CODE,space=0,delta=1
    11                           	psect	text4,global,reloc=2,class=CODE,space=0,delta=1
    12                           	psect	smallconst,global,reloc=2,class=SMALLCONST,space=0,delta=1,noexec
    13                           	psect	intsave_regs,global,class=BIGRAM,space=1,delta=1,noexec
    14                           	psect	rparam,global,class=COMRAM,space=1,delta=1,noexec
    15                           	dabs	1,0x1,1
    16   000000                     
    17                           ; Generated 24/03/2025 GMT
    18                           ; 
    19                           ; Copyright © 2025, Microchip Technology Inc. and its subsidiaries ("Microchip")
    20                           ; All rights reserved.
    21                           ; 
    22                           ; This software is developed by Microchip Technology Inc. and its subsidiaries ("Microch
      +                          ip").
    23                           ; 
    24                           ; Redistribution and use in source and binary forms, with or without modification, are
    25                           ; permitted provided that the following conditions are met:
    26                           ; 
    27                           ;     1. Redistributions of source code must retain the above copyright notice, this lis
      +                          t of
    28                           ;        conditions and the following disclaimer.
    29                           ; 
    30                           ;     2. Redistributions in binary form must reproduce the above copyright notice, this 
      +                          list
    31                           ;        of conditions and the following disclaimer in the documentation and/or other
    32                           ;        materials provided with the distribution. Publication is not required when
    33                           ;        this file is used in an embedded application.
    34                           ; 
    35                           ;     3. Microchip's name may not be used to endorse or promote products derived from th
      +                          is
    36                           ;        software without specific prior written permission.
    37                           ; 
    38                           ; THIS SOFTWARE IS PROVIDED BY MICROCHIP "AS IS" AND ANY EXPRESS OR IMPLIED WARRANTIES,
    39                           ; INCLUDING, BUT NOT LIMITED TO, THE IMPLIED WARRANTIES OF MERCHANTABILITY AND FITNESS F
      +                          OR
    40                           ; PURPOSE ARE DISCLAIMED.  IN NO EVENT SHALL MICROCHIP BE LIABLE FOR ANY DIRECT, INDIREC
      +                          T,
    41                           ; INCIDENTAL, SPECIAL, EXEMPLARY, OR CONSEQUENTIAL DAMAGES (INCLUDING BUT NOT LIMITED TO
    42                           ; PROCUREMENT OF SUBSTITUTE GOODS OR SERVICES; LOSS OF USE, DATA OR PROFITS; OR BUSINESS
    43                           ; INTERRUPTION) HOWSOEVER CAUSED AND ON ANY THEORY OF LIABILITY, WHETHER IN CONTRACT, ST
      +                          RICT
    44                           ; LIABILITY, OR TORT (INCLUDING NEGLIGENCE OR OTHERWISE) ARISING IN ANY WAY OUT OF THE U
      +                          SE OF
    45                           ; THIS SOFTWARE, EVEN IF ADVISED OF THE POSSIBILITY OF SUCH DAMAGE.
    46                           ; 
    47                           ; 
    48                           ; Code-generator required, PIC18F46K22 Definitions
    49                           ; 
    50                           ; SFR Addresses
    51   000FE0                     bsr             equ	4064
    52   000FE9                     fsr0            equ	4073
    53   000FEA                     fsr0h           equ	4074
    54   000FE9                     fsr0l           equ	4073
    55   000FE1                     fsr1            equ	4065
    56   000FE2                     fsr1h           equ	4066
    57   000FE1                     fsr1l           equ	4065
    58   000FD9                     fsr2            equ	4057
    59   000FDA                     fsr2h           equ	4058
    60   000FD9                     fsr2l           equ	4057
    61   000FEF                     indf0           equ	4079
    62   000FE7                     indf1           equ	4071
    63   000FDF                     indf2           equ	4063
    64   000FF2                     intcon          equ	4082
    65   000000                     nvmcon          equ	0
    66   000FF9                     pcl             equ	4089
    67   000FFA                     pclath          equ	4090
    68   000FFB                     pclatu          equ	4091
    69   000FEB                     plusw0          equ	4075
    70   000FE3                     plusw1          equ	4067
    71   000FDB                     plusw2          equ	4059
    72   000FED                     postdec0        equ	4077
    73   000FE5                     postdec1        equ	4069
    74   000FDD                     postdec2        equ	4061
    75   000FEE                     postinc0        equ	4078
    76   000FE6                     postinc1        equ	4070
    77   000FDE                     postinc2        equ	4062
    78   000FEC                     preinc0         equ	4076
    79   000FE4                     preinc1         equ	4068
    80   000FDC                     preinc2         equ	4060
    81   000FF3                     prod            equ	4083
    82   000FF4                     prodh           equ	4084
    83   000FF3                     prodl           equ	4083
    84   000FD8                     status          equ	4056
    85   000FF5                     tablat          equ	4085
    86   000FF6                     tblptr          equ	4086
    87   000FF7                     tblptrh         equ	4087
    88   000FF6                     tblptrl         equ	4086
    89   000FF8                     tblptru         equ	4088
    90   000FFD                     tosl            equ	4093
    91   000FE8                     wreg            equ	4072
    92   000F38                     ANSELA          equ	3896	;# 
    93   000F39                     ANSELB          equ	3897	;# 
    94   000F3A                     ANSELC          equ	3898	;# 
    95   000F3B                     ANSELD          equ	3899	;# 
    96   000F3C                     ANSELE          equ	3900	;# 
    97   000F3D                     PMD2            equ	3901	;# 
    98   000F3E                     PMD1            equ	3902	;# 
    99   000F3F                     PMD0            equ	3903	;# 
   100   000F40                     VREFCON2        equ	3904	;# 
   101   000F40                     DACCON1         equ	3904	;# 
   102   000F41                     VREFCON1        equ	3905	;# 
   103   000F41                     DACCON0         equ	3905	;# 
   104   000F42                     VREFCON0        equ	3906	;# 
   105   000F42                     FVRCON          equ	3906	;# 
   106   000F43                     CTMUICON        equ	3907	;# 
   107   000F43                     CTMUICONH       equ	3907	;# 
   108   000F44                     CTMUCONL        equ	3908	;# 
   109   000F44                     CTMUCON1        equ	3908	;# 
   110   000F45                     CTMUCONH        equ	3909	;# 
   111   000F45                     CTMUCON0        equ	3909	;# 
   112   000F46                     SRCON1          equ	3910	;# 
   113   000F47                     SRCON0          equ	3911	;# 
   114   000F48                     CCPTMRS1        equ	3912	;# 
   115   000F49                     CCPTMRS0        equ	3913	;# 
   116   000F4A                     T6CON           equ	3914	;# 
   117   000F4B                     PR6             equ	3915	;# 
   118   000F4C                     TMR6            equ	3916	;# 
   119   000F4D                     T5GCON          equ	3917	;# 
   120   000F4E                     T5CON           equ	3918	;# 
   121   000F4F                     TMR5            equ	3919	;# 
   122   000F4F                     TMR5L           equ	3919	;# 
   123   000F50                     TMR5H           equ	3920	;# 
   124   000F51                     T4CON           equ	3921	;# 
   125   000F52                     PR4             equ	3922	;# 
   126   000F53                     TMR4            equ	3923	;# 
   127   000F54                     CCP5CON         equ	3924	;# 
   128   000F55                     CCPR5           equ	3925	;# 
   129   000F55                     CCPR5L          equ	3925	;# 
   130   000F56                     CCPR5H          equ	3926	;# 
   131   000F57                     CCP4CON         equ	3927	;# 
   132   000F58                     CCPR4           equ	3928	;# 
   133   000F58                     CCPR4L          equ	3928	;# 
   134   000F59                     CCPR4H          equ	3929	;# 
   135   000F5A                     PSTR3CON        equ	3930	;# 
   136   000F5B                     ECCP3AS         equ	3931	;# 
   137   000F5B                     CCP3AS          equ	3931	;# 
   138   000F5C                     PWM3CON         equ	3932	;# 
   139   000F5D                     CCP3CON         equ	3933	;# 
   140   000F5E                     CCPR3           equ	3934	;# 
   141   000F5E                     CCPR3L          equ	3934	;# 
   142   000F5F                     CCPR3H          equ	3935	;# 
   143   000F60                     SLRCON          equ	3936	;# 
   144   000F61                     WPUB            equ	3937	;# 
   145   000F62                     IOCB            equ	3938	;# 
   146   000F63                     PSTR2CON        equ	3939	;# 
   147   000F64                     ECCP2AS         equ	3940	;# 
   148   000F64                     CCP2AS          equ	3940	;# 
   149   000F65                     PWM2CON         equ	3941	;# 
   150   000F66                     CCP2CON         equ	3942	;# 
   151   000F67                     CCPR2           equ	3943	;# 
   152   000F67                     CCPR2L          equ	3943	;# 
   153   000F68                     CCPR2H          equ	3944	;# 
   154   000F69                     SSP2CON3        equ	3945	;# 
   155   000F6A                     SSP2MSK         equ	3946	;# 
   156   000F6B                     SSP2CON2        equ	3947	;# 
   157   000F6C                     SSP2CON1        equ	3948	;# 
   158   000F6D                     SSP2STAT        equ	3949	;# 
   159   000F6E                     SSP2ADD         equ	3950	;# 
   160   000F6F                     SSP2BUF         equ	3951	;# 
   161   000F70                     BAUDCON2        equ	3952	;# 
   162   000F70                     BAUD2CON        equ	3952	;# 
   163   000F71                     RCSTA2          equ	3953	;# 
   164   000F71                     RC2STA          equ	3953	;# 
   165   000F72                     TXSTA2          equ	3954	;# 
   166   000F72                     TX2STA          equ	3954	;# 
   167   000F73                     TXREG2          equ	3955	;# 
   168   000F73                     TX2REG          equ	3955	;# 
   169   000F74                     RCREG2          equ	3956	;# 
   170   000F74                     RC2REG          equ	3956	;# 
   171   000F75                     SPBRG2          equ	3957	;# 
   172   000F75                     SP2BRG          equ	3957	;# 
   173   000F76                     SPBRGH2         equ	3958	;# 
   174   000F76                     SP2BRGH         equ	3958	;# 
   175   000F77                     CM2CON1         equ	3959	;# 
   176   000F77                     CM12CON         equ	3959	;# 
   177   000F78                     CM2CON0         equ	3960	;# 
   178   000F78                     CM2CON          equ	3960	;# 
   179   000F79                     CM1CON0         equ	3961	;# 
   180   000F79                     CM1CON          equ	3961	;# 
   181   000F7A                     PIE4            equ	3962	;# 
   182   000F7B                     PIR4            equ	3963	;# 
   183   000F7C                     IPR4            equ	3964	;# 
   184   000F7D                     PIE5            equ	3965	;# 
   185   000F7E                     PIR5            equ	3966	;# 
   186   000F7F                     IPR5            equ	3967	;# 
   187   000F80                     PORTA           equ	3968	;# 
   188   000F81                     PORTB           equ	3969	;# 
   189   000F82                     PORTC           equ	3970	;# 
   190   000F83                     PORTD           equ	3971	;# 
   191   000F84                     PORTE           equ	3972	;# 
   192   000F89                     LATA            equ	3977	;# 
   193   000F8A                     LATB            equ	3978	;# 
   194   000F8B                     LATC            equ	3979	;# 
   195   000F8C                     LATD            equ	3980	;# 
   196   000F8D                     LATE            equ	3981	;# 
   197   000F92                     TRISA           equ	3986	;# 
   198   000F92                     DDRA            equ	3986	;# 
   199   000F93                     TRISB           equ	3987	;# 
   200   000F93                     DDRB            equ	3987	;# 
   201   000F94                     TRISC           equ	3988	;# 
   202   000F94                     DDRC            equ	3988	;# 
   203   000F95                     TRISD           equ	3989	;# 
   204   000F95                     DDRD            equ	3989	;# 
   205   000F96                     TRISE           equ	3990	;# 
   206   000F96                     DDRE            equ	3990	;# 
   207   000F9B                     OSCTUNE         equ	3995	;# 
   208   000F9C                     HLVDCON         equ	3996	;# 
   209   000F9C                     LVDCON          equ	3996	;# 
   210   000F9D                     PIE1            equ	3997	;# 
   211   000F9E                     PIR1            equ	3998	;# 
   212   000F9F                     IPR1            equ	3999	;# 
   213   000FA0                     PIE2            equ	4000	;# 
   214   000FA1                     PIR2            equ	4001	;# 
   215   000FA2                     IPR2            equ	4002	;# 
   216   000FA3                     PIE3            equ	4003	;# 
   217   000FA4                     PIR3            equ	4004	;# 
   218   000FA5                     IPR3            equ	4005	;# 
   219   000FA6                     EECON1          equ	4006	;# 
   220   000FA7                     EECON2          equ	4007	;# 
   221   000FA8                     EEDATA          equ	4008	;# 
   222   000FA9                     EEADR           equ	4009	;# 
   223   000FAA                     EEADRH          equ	4010	;# 
   224   000FAB                     RCSTA1          equ	4011	;# 
   225   000FAB                     RCSTA           equ	4011	;# 
   226   000FAB                     RC1STA          equ	4011	;# 
   227   000FAC                     TXSTA1          equ	4012	;# 
   228   000FAC                     TXSTA           equ	4012	;# 
   229   000FAC                     TX1STA          equ	4012	;# 
   230   000FAD                     TXREG1          equ	4013	;# 
   231   000FAD                     TXREG           equ	4013	;# 
   232   000FAD                     TX1REG          equ	4013	;# 
   233   000FAE                     RCREG1          equ	4014	;# 
   234   000FAE                     RCREG           equ	4014	;# 
   235   000FAE                     RC1REG          equ	4014	;# 
   236   000FAF                     SPBRG1          equ	4015	;# 
   237   000FAF                     SPBRG           equ	4015	;# 
   238   000FAF                     SP1BRG          equ	4015	;# 
   239   000FB0                     SPBRGH1         equ	4016	;# 
   240   000FB0                     SPBRGH          equ	4016	;# 
   241   000FB0                     SP1BRGH         equ	4016	;# 
   242   000FB1                     T3CON           equ	4017	;# 
   243   000FB2                     TMR3            equ	4018	;# 
   244   000FB2                     TMR3L           equ	4018	;# 
   245   000FB3                     TMR3H           equ	4019	;# 
   246   000FB4                     T3GCON          equ	4020	;# 
   247   000FB6                     ECCP1AS         equ	4022	;# 
   248   000FB6                     ECCPAS          equ	4022	;# 
   249   000FB7                     PWM1CON         equ	4023	;# 
   250   000FB7                     PWMCON          equ	4023	;# 
   251   000FB8                     BAUDCON1        equ	4024	;# 
   252   000FB8                     BAUDCON         equ	4024	;# 
   253   000FB8                     BAUDCTL         equ	4024	;# 
   254   000FB8                     BAUD1CON        equ	4024	;# 
   255   000FB9                     PSTR1CON        equ	4025	;# 
   256   000FB9                     PSTRCON         equ	4025	;# 
   257   000FBA                     T2CON           equ	4026	;# 
   258   000FBB                     PR2             equ	4027	;# 
   259   000FBC                     TMR2            equ	4028	;# 
   260   000FBD                     CCP1CON         equ	4029	;# 
   261   000FBE                     CCPR1           equ	4030	;# 
   262   000FBE                     CCPR1L          equ	4030	;# 
   263   000FBF                     CCPR1H          equ	4031	;# 
   264   000FC0                     ADCON2          equ	4032	;# 
   265   000FC1                     ADCON1          equ	4033	;# 
   266   000FC2                     ADCON0          equ	4034	;# 
   267   000FC3                     ADRES           equ	4035	;# 
   268   000FC3                     ADRESL          equ	4035	;# 
   269   000FC4                     ADRESH          equ	4036	;# 
   270   000FC5                     SSP1CON2        equ	4037	;# 
   271   000FC5                     SSPCON2         equ	4037	;# 
   272   000FC6                     SSP1CON1        equ	4038	;# 
   273   000FC6                     SSPCON1         equ	4038	;# 
   274   000FC7                     SSP1STAT        equ	4039	;# 
   275   000FC7                     SSPSTAT         equ	4039	;# 
   276   000FC8                     SSP1ADD         equ	4040	;# 
   277   000FC8                     SSPADD          equ	4040	;# 
   278   000FC9                     SSP1BUF         equ	4041	;# 
   279   000FC9                     SSPBUF          equ	4041	;# 
   280   000FCA                     SSP1MSK         equ	4042	;# 
   281   000FCA                     SSPMSK          equ	4042	;# 
   282   000FCB                     SSP1CON3        equ	4043	;# 
   283   000FCB                     SSPCON3         equ	4043	;# 
   284   000FCC                     T1GCON          equ	4044	;# 
   285   000FCD                     T1CON           equ	4045	;# 
   286   000FCE                     TMR1            equ	4046	;# 
   287   000FCE                     TMR1L           equ	4046	;# 
   288   000FCF                     TMR1H           equ	4047	;# 
   289   000FD0                     RCON            equ	4048	;# 
   290   000FD1                     WDTCON          equ	4049	;# 
   291   000FD2                     OSCCON2         equ	4050	;# 
   292   000FD3                     OSCCON          equ	4051	;# 
   293   000FD5                     T0CON           equ	4053	;# 
   294   000FD6                     TMR0            equ	4054	;# 
   295   000FD6                     TMR0L           equ	4054	;# 
   296   000FD7                     TMR0H           equ	4055	;# 
   297   000FD8                     STATUS          equ	4056	;# 
   298   000FD9                     FSR2            equ	4057	;# 
   299   000FD9                     FSR2L           equ	4057	;# 
   300   000FDA                     FSR2H           equ	4058	;# 
   301   000FDB                     PLUSW2          equ	4059	;# 
   302   000FDC                     PREINC2         equ	4060	;# 
   303   000FDD                     POSTDEC2        equ	4061	;# 
   304   000FDE                     POSTINC2        equ	4062	;# 
   305   000FDF                     INDF2           equ	4063	;# 
   306   000FE0                     BSR             equ	4064	;# 
   307   000FE1                     FSR1            equ	4065	;# 
   308   000FE1                     FSR1L           equ	4065	;# 
   309   000FE2                     FSR1H           equ	4066	;# 
   310   000FE3                     PLUSW1          equ	4067	;# 
   311   000FE4                     PREINC1         equ	4068	;# 
   312   000FE5                     POSTDEC1        equ	4069	;# 
   313   000FE6                     POSTINC1        equ	4070	;# 
   314   000FE7                     INDF1           equ	4071	;# 
   315   000FE8                     WREG            equ	4072	;# 
   316   000FE9                     FSR0            equ	4073	;# 
   317   000FE9                     FSR0L           equ	4073	;# 
   318   000FEA                     FSR0H           equ	4074	;# 
   319   000FEB                     PLUSW0          equ	4075	;# 
   320   000FEC                     PREINC0         equ	4076	;# 
   321   000FED                     POSTDEC0        equ	4077	;# 
   322   000FEE                     POSTINC0        equ	4078	;# 
   323   000FEF                     INDF0           equ	4079	;# 
   324   000FF0                     INTCON3         equ	4080	;# 
   325   000FF1                     INTCON2         equ	4081	;# 
   326   000FF2                     INTCON          equ	4082	;# 
   327   000FF3                     PROD            equ	4083	;# 
   328   000FF3                     PRODL           equ	4083	;# 
   329   000FF4                     PRODH           equ	4084	;# 
   330   000FF5                     TABLAT          equ	4085	;# 
   331   000FF6                     TBLPTR          equ	4086	;# 
   332   000FF6                     TBLPTRL         equ	4086	;# 
   333   000FF7                     TBLPTRH         equ	4087	;# 
   334   000FF8                     TBLPTRU         equ	4088	;# 
   335   000FF9                     PCLAT           equ	4089	;# 
   336   000FF9                     PC              equ	4089	;# 
   337   000FF9                     PCL             equ	4089	;# 
   338   000FFA                     PCLATH          equ	4090	;# 
   339   000FFB                     PCLATU          equ	4091	;# 
   340   000FFC                     STKPTR          equ	4092	;# 
   341   000FFD                     TOS             equ	4093	;# 
   342   000FFD                     TOSL            equ	4093	;# 
   343   000FFE                     TOSH            equ	4094	;# 
   344   000FFF                     TOSU            equ	4095	;# 
   345   000F39                     _ANSELBbits     set	3897
   346   000F38                     _ANSELAbits     set	3896
   347   000FF1                     _INTCON2bits    set	4081
   348   000FF2                     _INTCONbits     set	4082
   349   000F80                     _PORTAbits      set	3968
   350   000F89                     _LATAbits       set	3977
   351   000F93                     _TRISBbits      set	3987
   352   000F92                     _TRISAbits      set	3986
   353                           
   354                           ; #config settings
   355                           
   356                           	psect	cinit
   357   00103E                     __pcinit:
   358                           	callstack 0
   359   00103E                     start_initialization:
   360                           	callstack 0
   361   00103E                     __initialization:
   362                           	callstack 0
   363   00103E                     end_of_initialization:
   364                           	callstack 0
   365   00103E                     __end_of__initialization:
   366                           	callstack 0
   367   00103E  9001               	bcf	int$flags,0,c	;clear compiler interrupt flag (level 1)
   368   001040  9201               	bcf	int$flags,1,c	;clear compiler interrupt flag (level 2)
   369   001042  0100               	movlb	0
   370   001044  EF11  F008         	goto	_main	;jump to C main() function
   371                           
   372                           	psect	cstackCOMRAM
   373   000002                     __pcstackCOMRAM:
   374                           	callstack 0
   375   000002                     ??_led_azul:
   376                           
   377                           ; 1 bytes @ 0x0
   378   000002                     	ds	1
   379   000003                     
   380                           ; 1 bytes @ 0x1
   381 ;;
   382 ;;Main: autosize = 0, tempsize = 0, incstack = 0, save=0
   383 ;;
   384 ;; *************** function _main *****************
   385 ;; Defined at:
   386 ;;		line 11 in file "main.c"
   387 ;; Parameters:    Size  Location     Type
   388 ;;		None
   389 ;; Auto vars:     Size  Location     Type
   390 ;;		None
   391 ;; Return value:  Size  Location     Type
   392 ;;                  2   24[None  ] int 
   393 ;; Registers used:
   394 ;;		cstack
   395 ;; Tracked objects:
   396 ;;		On entry : 0/0
   397 ;;		On exit  : 0/0
   398 ;;		Unchanged: 0/0
   399 ;; Data sizes:     COMRAM   BANK0   BANK1   BANK2   BANK3   BANK4   BANK5   BANK6   BANK7   BANK8   BANK9  BANK10  BANK1
      +1  BANK12  BANK13  BANK14  BANK15
   400 ;;      Params:         0       0       0       0       0       0       0       0       0       0       0       0       
      +0       0       0       0       0
   401 ;;      Locals:         0       0       0       0       0       0       0       0       0       0       0       0       
      +0       0       0       0       0
   402 ;;      Temps:          0       0       0       0       0       0       0       0       0       0       0       0       
      +0       0       0       0       0
   403 ;;      Totals:         0       0       0       0       0       0       0       0       0       0       0       0       
      +0       0       0       0       0
   404 ;;Total ram usage:        0 bytes
   405 ;; Hardware stack levels required when called: 3
   406 ;; This function calls:
   407 ;;		_config_int0
   408 ;;		_config_ports
   409 ;; This function is called by:
   410 ;;		Startup code after reset
   411 ;; This function uses a non-reentrant model
   412 ;;
   413                           
   414                           	psect	text0
   415   001022                     __ptext0:
   416                           	callstack 0
   417   001022                     _main:
   418                           	callstack 28
   419   001022                     
   420                           ;main.c: 13:     config_ports();
   421   001022  EC19  F008         	call	_config_ports	;wreg free
   422                           
   423                           ;main.c: 14:     config_int0();
   424   001026  EC24  F008         	call	_config_int0	;wreg free
   425   00102A                     l25:
   426   00102A  EF15  F008         	goto	l25
   427   00102E  EF10  F000         	goto	start
   428   001032                     __end_of_main:
   429                           	callstack 0
   430                           
   431 ;; *************** function _config_ports *****************
   432 ;; Defined at:
   433 ;;		line 26 in file "main.c"
   434 ;; Parameters:    Size  Location     Type
   435 ;;		None
   436 ;; Auto vars:     Size  Location     Type
   437 ;;		None
   438 ;; Return value:  Size  Location     Type
   439 ;;                  1    wreg      void 
   440 ;; Registers used:
   441 ;;		None
   442 ;; Tracked objects:
   443 ;;		On entry : 0/0
   444 ;;		On exit  : 0/0
   445 ;;		Unchanged: 0/0
   446 ;; Data sizes:     COMRAM   BANK0   BANK1   BANK2   BANK3   BANK4   BANK5   BANK6   BANK7   BANK8   BANK9  BANK10  BANK1
      +1  BANK12  BANK13  BANK14  BANK15
   447 ;;      Params:         0       0       0       0       0       0       0       0       0       0       0       0       
      +0       0       0       0       0
   448 ;;      Locals:         0       0       0       0       0       0       0       0       0       0       0       0       
      +0       0       0       0       0
   449 ;;      Temps:          0       0       0       0       0       0       0       0       0       0       0       0       
      +0       0       0       0       0
   450 ;;      Totals:         0       0       0       0       0       0       0       0       0       0       0       0       
      +0       0       0       0       0
   451 ;;Total ram usage:        0 bytes
   452 ;; Hardware stack levels used: 1
   453 ;; Hardware stack levels required when called: 2
   454 ;; This function calls:
   455 ;;		Nothing
   456 ;; This function is called by:
   457 ;;		_main
   458 ;; This function uses a non-reentrant model
   459 ;;
   460                           
   461                           	psect	text1
   462   001032                     __ptext1:
   463                           	callstack 0
   464   001032                     _config_ports:
   465                           	callstack 28
   466   001032                     
   467                           ;main.c: 28:     TRISAbits.RA0 = 0;
   468   001032  9092               	bcf	146,0,c	;volatile
   469                           
   470                           ;main.c: 29:     ANSELAbits.ANSA0 = 0;
   471   001034  010F               	movlb	15	; () banked
   472   001036  9138               	bcf	56,0,b	;volatile
   473                           
   474                           ;main.c: 30:     TRISBbits.RB0 = 1;
   475   001038  8093               	bsf	147,0,c	;volatile
   476                           
   477                           ;main.c: 31:     ANSELBbits.ANSB0 = 0;
   478   00103A  9139               	bcf	57,0,b	;volatile
   479   00103C                     
   480                           ; BSR set to: 15
   481   00103C  0012               	return		;funcret
   482   00103E                     __end_of_config_ports:
   483                           	callstack 0
   484                           
   485 ;; *************** function _config_int0 *****************
   486 ;; Defined at:
   487 ;;		line 39 in file "main.c"
   488 ;; Parameters:    Size  Location     Type
   489 ;;		None
   490 ;; Auto vars:     Size  Location     Type
   491 ;;		None
   492 ;; Return value:  Size  Location     Type
   493 ;;                  1    wreg      void 
   494 ;; Registers used:
   495 ;;		None
   496 ;; Tracked objects:
   497 ;;		On entry : 0/0
   498 ;;		On exit  : 0/0
   499 ;;		Unchanged: 0/0
   500 ;; Data sizes:     COMRAM   BANK0   BANK1   BANK2   BANK3   BANK4   BANK5   BANK6   BANK7   BANK8   BANK9  BANK10  BANK1
      +1  BANK12  BANK13  BANK14  BANK15
   501 ;;      Params:         0       0       0       0       0       0       0       0       0       0       0       0       
      +0       0       0       0       0
   502 ;;      Locals:         0       0       0       0       0       0       0       0       0       0       0       0       
      +0       0       0       0       0
   503 ;;      Temps:          0       0       0       0       0       0       0       0       0       0       0       0       
      +0       0       0       0       0
   504 ;;      Totals:         0       0       0       0       0       0       0       0       0       0       0       0       
      +0       0       0       0       0
   505 ;;Total ram usage:        0 bytes
   506 ;; Hardware stack levels used: 1
   507 ;; Hardware stack levels required when called: 2
   508 ;; This function calls:
   509 ;;		Nothing
   510 ;; This function is called by:
   511 ;;		_main
   512 ;; This function uses a non-reentrant model
   513 ;;
   514                           
   515                           	psect	text2
   516   001048                     __ptext2:
   517                           	callstack 0
   518   001048                     _config_int0:
   519                           	callstack 28
   520   001048                     
   521                           ;main.c: 41:     INTCONbits.INT0IE = 1;
   522   001048  88F2               	bsf	242,4,c	;volatile
   523                           
   524                           ;main.c: 42:     INTCONbits.INT0IF = 0;
   525   00104A  92F2               	bcf	242,1,c	;volatile
   526                           
   527                           ;main.c: 43:     INTCON2bits.INTEDG0 = 1;
   528   00104C  8CF1               	bsf	241,6,c	;volatile
   529                           
   530                           ;main.c: 44:     INTCONbits.GIE = 1;
   531   00104E  8EF2               	bsf	242,7,c	;volatile
   532   001050  0012               	return		;funcret
   533   001052                     __end_of_config_int0:
   534                           	callstack 0
   535                           
   536 ;; *************** function _isr *****************
   537 ;; Defined at:
   538 ;;		line 47 in file "main.c"
   539 ;; Parameters:    Size  Location     Type
   540 ;;		None
   541 ;; Auto vars:     Size  Location     Type
   542 ;;		None
   543 ;; Return value:  Size  Location     Type
   544 ;;                  1    wreg      void 
   545 ;; Registers used:
   546 ;;		wreg, status,2, status,0, cstack
   547 ;; Tracked objects:
   548 ;;		On entry : 0/0
   549 ;;		On exit  : 0/0
   550 ;;		Unchanged: 0/0
   551 ;; Data sizes:     COMRAM   BANK0   BANK1   BANK2   BANK3   BANK4   BANK5   BANK6   BANK7   BANK8   BANK9  BANK10  BANK1
      +1  BANK12  BANK13  BANK14  BANK15
   552 ;;      Params:         0       0       0       0       0       0       0       0       0       0       0       0       
      +0       0       0       0       0
   553 ;;      Locals:         0       0       0       0       0       0       0       0       0       0       0       0       
      +0       0       0       0       0
   554 ;;      Temps:          0       0       0       0       0       0       0       0       0       0       0       0       
      +0       0       0       0       0
   555 ;;      Totals:         0       0       0       0       0       0       0       0       0       0       0       0       
      +0       0       0       0       0
   556 ;;Total ram usage:        0 bytes
   557 ;; Hardware stack levels used: 1
   558 ;; Hardware stack levels required when called: 1
   559 ;; This function calls:
   560 ;;		_led_azul
   561 ;; This function is called by:
   562 ;;		Interrupt level 2
   563 ;; This function uses a non-reentrant model
   564 ;;
   565                           
   566                           	psect	intcode
   567   000008                     __pintcode:
   568                           	callstack 0
   569   000008                     _isr:
   570                           	callstack 28
   571                           
   572                           ;incstack = 0
   573   000008  8201               	bsf	int$flags,1,c	;set compiler interrupt flag (level 2)
   574   00000A                     
   575                           ;main.c: 49:     if (INTCONbits.INT0IF == 1) {
   576   00000A  A2F2               	btfss	242,1,c	;volatile
   577   00000C  EF0A  F000         	goto	i2u3_41
   578   000010  EF0C  F000         	goto	i2u3_40
   579   000014                     i2u3_41:
   580   000014  EF0E  F000         	goto	i2l43
   581   000018                     i2u3_40:
   582   000018                     
   583                           ;main.c: 51:         led_azul();
   584   000018  EC01  F008         	call	_led_azul	;wreg free
   585   00001C                     i2l43:
   586   00001C  9201               	bcf	int$flags,1,c	;clear compiler interrupt flag (level 2)
   587   00001E  0011               	retfie		f
   588   000020                     __end_of_isr:
   589                           	callstack 0
   590                           
   591 ;; *************** function _led_azul *****************
   592 ;; Defined at:
   593 ;;		line 34 in file "main.c"
   594 ;; Parameters:    Size  Location     Type
   595 ;;		None
   596 ;; Auto vars:     Size  Location     Type
   597 ;;		None
   598 ;; Return value:  Size  Location     Type
   599 ;;                  1    wreg      void 
   600 ;; Registers used:
   601 ;;		wreg, status,2, status,0
   602 ;; Tracked objects:
   603 ;;		On entry : 0/0
   604 ;;		On exit  : 0/0
   605 ;;		Unchanged: 0/0
   606 ;; Data sizes:     COMRAM   BANK0   BANK1   BANK2   BANK3   BANK4   BANK5   BANK6   BANK7   BANK8   BANK9  BANK10  BANK1
      +1  BANK12  BANK13  BANK14  BANK15
   607 ;;      Params:         0       0       0       0       0       0       0       0       0       0       0       0       
      +0       0       0       0       0
   608 ;;      Locals:         0       0       0       0       0       0       0       0       0       0       0       0       
      +0       0       0       0       0
   609 ;;      Temps:          1       0       0       0       0       0       0       0       0       0       0       0       
      +0       0       0       0       0
   610 ;;      Totals:         1       0       0       0       0       0       0       0       0       0       0       0       
      +0       0       0       0       0
   611 ;;Total ram usage:        1 bytes
   612 ;; Hardware stack levels used: 1
   613 ;; This function calls:
   614 ;;		Nothing
   615 ;; This function is called by:
   616 ;;		_isr
   617 ;; This function uses a non-reentrant model
   618 ;;
   619                           
   620                           	psect	text4
   621   001002                     __ptext4:
   622                           	callstack 0
   623   001002                     _led_azul:
   624                           	callstack 28
   625   001002                     
   626                           ;main.c: 36:     LATAbits.LA0 = !PORTAbits.AN0;
   627   001002  A080               	btfss	128,0,c	;volatile
   628   001004  EF06  F008         	goto	i2u1_41
   629   001008  EF0A  F008         	goto	i2u1_40
   630   00100C                     i2u1_41:
   631   00100C  6A02               	clrf	??_led_azul^0,c
   632   00100E  2A02               	incf	??_led_azul^0,f,c
   633   001010  EF0B  F008         	goto	i2u2_48
   634   001014                     i2u1_40:
   635   001014  6A02               	clrf	??_led_azul^0,c
   636   001016                     i2u2_48:
   637   001016  5089               	movf	137,w,c	;volatile
   638   001018  1802               	xorwf	??_led_azul^0,w,c
   639   00101A  0BFE               	andlw	-2
   640   00101C  1802               	xorwf	??_led_azul^0,w,c
   641   00101E  6E89               	movwf	137,c	;volatile
   642   001020  0012               	return		;funcret
   643   001022                     __end_of_led_azul:
   644                           	callstack 0
   645                           
   646                           	psect	smallconst
   647   001000                     __psmallconst:
   648                           	callstack 0
   649   001000  00                 	db	0
   650   001001  00                 	db	0	; dummy byte at the end
   651   001000                     __smallconst    set	__psmallconst
   652   001000                     __mediumconst   set	__psmallconst
   653   000000                     __activetblptr  equ	0
   654                           
   655                           	psect	rparam
   656   000001                     ___rparam_used  equ	1
   657   000000                     ___param_bank   equ	0
   658   000000                     __Lparam        equ	__Lrparam
   659   000000                     __Hparam        equ	__Hrparam
   660   000001                     btemp           set	1	;btemp
   661   000001                     int$flags       set	1
   662   000001                     btemp0          set	1
   663   000002                     btemp1          set	2
   664                           tosu	equ	0xFFF
   665                           tosh	equ	0xFFE
   666                           tosl	equ	0xFFD
   667                           stkptr	equ	0xFFC
   668                           pclatu	equ	0xFFB
   669                           pclath	equ	0xFFA
   670                           pcl	equ	0xFF9
   671                           tblptru	equ	0xFF8
   672                           tblptrh	equ	0xFF7
   673                           tblptrl	equ	0xFF6
   674                           tablat	equ	0xFF5
   675                           prodh	equ	0xFF4
   676                           prodl	equ	0xFF3
   677                           indf0	equ	0xFEF
   678                           postinc0	equ	0xFEE
   679                           postdec0	equ	0xFED
   680                           preinc0	equ	0xFEC
   681                           plusw0	equ	0xFEB
   682                           fsr0h	equ	0xFEA
   683                           fsr0l	equ	0xFE9
   684                           wreg	equ	0xFE8
   685                           indf1	equ	0xFE7
   686                           postinc1	equ	0xFE6
   687                           postdec1	equ	0xFE5
   688                           preinc1	equ	0xFE4
   689                           plusw1	equ	0xFE3
   690                           fsr1h	equ	0xFE2
   691                           fsr1l	equ	0xFE1
   692                           bsr	equ	0xFE0
   693                           indf2	equ	0xFDF
   694                           postinc2	equ	0xFDE
   695                           postdec2	equ	0xFDD
   696                           preinc2	equ	0xFDC
   697                           plusw2	equ	0xFDB
   698                           fsr2h	equ	0xFDA
   699                           fsr2l	equ	0xFD9
   700                           status	equ	0xFD8

Data Sizes:
    Strings     0
    Constant    0
    Data        0
    BSS         0
    Persistent  0
    Stack       0

Auto Spaces:
    Space          Size  Autos    Used
    COMRAM           94      1       1
    BANK0           160      0       0
    BANK1           256      0       0
    BANK2           256      0       0
    BANK3           256      0       0
    BANK4           256      0       0
    BANK5           256      0       0
    BANK6           256      0       0
    BANK7           256      0       0
    BANK8           256      0       0
    BANK9           256      0       0
    BANK10          256      0       0
    BANK11          256      0       0
    BANK12          256      0       0
    BANK13          256      0       0
    BANK14          256      0       0
    BANK15           56      0       0

Pointer List with Targets:

    None.

Critical Paths under _main in COMRAM

    None.

Critical Paths under _isr in COMRAM

    _isr->_led_azul

Critical Paths under _main in BANK0

    None.

Critical Paths under _isr in BANK0

    None.

Critical Paths under _main in BANK1

    None.

Critical Paths under _isr in BANK1

    None.

Critical Paths under _main in BANK2

    None.

Critical Paths under _isr in BANK2

    None.

Critical Paths under _main in BANK3

    None.

Critical Paths under _isr in BANK3

    None.

Critical Paths under _main in BANK4

    None.

Critical Paths under _isr in BANK4

    None.

Critical Paths under _main in BANK5

    None.

Critical Paths under _isr in BANK5

    None.

Critical Paths under _main in BANK6

    None.

Critical Paths under _isr in BANK6

    None.

Critical Paths under _main in BANK7

    None.

Critical Paths under _isr in BANK7

    None.

Critical Paths under _main in BANK8

    None.

Critical Paths under _isr in BANK8

    None.

Critical Paths under _main in BANK9

    None.

Critical Paths under _isr in BANK9

    None.

Critical Paths under _main in BANK10

    None.

Critical Paths under _isr in BANK10

    None.

Critical Paths under _main in BANK11

    None.

Critical Paths under _isr in BANK11

    None.

Critical Paths under _main in BANK12

    None.

Critical Paths under _isr in BANK12

    None.

Critical Paths under _main in BANK13

    None.

Critical Paths under _isr in BANK13

    None.

Critical Paths under _main in BANK14

    None.

Critical Paths under _isr in BANK14

    None.

Critical Paths under _main in BANK15

    None.

Critical Paths under _isr in BANK15

    None.

Call Graph Tables:

 ---------------------------------------------------------------------------------
 (Depth) Function   	        Calls       Base Space   Used Autos Params    Refs
 ---------------------------------------------------------------------------------
 (0) _main                                                 0     0      0       0
                        _config_int0
                       _config_ports
 ---------------------------------------------------------------------------------
 (1) _config_ports                                         0     0      0       0
 ---------------------------------------------------------------------------------
 (1) _config_int0                                          0     0      0       0
 ---------------------------------------------------------------------------------
 Estimated maximum stack depth 1
 ---------------------------------------------------------------------------------
 (Depth) Function   	        Calls       Base Space   Used Autos Params    Refs
 ---------------------------------------------------------------------------------
 (2) _isr                                                  0     0      0       0
                           _led_azul
 ---------------------------------------------------------------------------------
 (3) _led_azul                                             1     1      0       0
                                              0 COMRAM     1     1      0
 ---------------------------------------------------------------------------------
 Estimated maximum stack depth 3
 ---------------------------------------------------------------------------------

 Call Graph Graphs:

 _main (ROOT)
   _config_int0
   _config_ports

 _isr (ROOT)
   _led_azul

Address spaces:
Name               Size   Autos  Total    Usage
BITCOMRAM           94      0       0      0.0%
BITBANK0           160      0       0      0.0%
BITBANK1           256      0       0      0.0%
BITBANK2           256      0       0      0.0%
BITBANK3           256      0       0      0.0%
BITBANK4           256      0       0      0.0%
BITBANK5           256      0       0      0.0%
BITBANK6           256      0       0      0.0%
BITBANK7           256      0       0      0.0%
BITBANK8           256      0       0      0.0%
BITBANK9           256      0       0      0.0%
BITBANK10          256      0       0      0.0%
BITBANK11          256      0       0      0.0%
BITBANK12          256      0       0      0.0%
BITBANK13          256      0       0      0.0%
BITBANK14          256      0       0      0.0%
BITBANK15           56      0       0      0.0%
BITBIGSFRh         118      0       0      0.0%
BITBIGSFRll         70      0       0      0.0%
BITBIGSFRlh          8      0       0      0.0%
COMRAM              94      1       1      1.1%
BANK0              160      0       0      0.0%
BANK1              256      0       0      0.0%
BANK2              256      0       0      0.0%
BANK3              256      0       0      0.0%
BANK4              256      0       0      0.0%
BANK5              256      0       0      0.0%
BANK6              256      0       0      0.0%
BANK7              256      0       0      0.0%
BANK8              256      0       0      0.0%
BANK9              256      0       0      0.0%
BANK10             256      0       0      0.0%
BANK11             256      0       0      0.0%
BANK12             256      0       0      0.0%
BANK13             256      0       0      0.0%
BANK14             256      0       0      0.0%
BANK15              56      0       0      0.0%
BIGRAM            3895      0       0      0.0%
STACK                0      0       0      0.0%
DATA                 0      0       1      0.0%


Microchip Technology PIC18 Macro Assembler V3.10 build 20250813170317 
Symbol Table                                                                                   Wed Mar 11 15:55:01 2026

                     l31 103C                       l25 102A                       l26 102A  
                     l37 1050                      l831 1048                      l835 1022  
                    l829 1032                      _isr 0008                     ?_isr 0002  
                   i2l34 1020                     i2l43 001C                     _main 1022  
                   btemp 0001                     start 0020           ??_config_ports 0003  
           ___param_bank 0000                    ??_isr 0003                    ?_main 0002  
                  i2l833 1002                    i2l837 000A                    i2l839 0018  
                  btemp0 0001                    btemp1 0002          __initialization 103E  
           __end_of_main 1032                   ??_main 0003            __activetblptr 0000  
                 i2u1_40 1014                   i2u1_41 100C                   i2u2_48 1016  
                 i2u3_40 0018                   i2u3_41 0014         __end_of_led_azul 1022  
                 isa$std 0001             __mediumconst 1000     __end_of_config_ports 103E  
             __accesstop 0060  __end_of__initialization 103E            ___rparam_used 0001  
         __pcstackCOMRAM 0002                ?_led_azul 0002                  __Hparam 0000  
                __Lparam 0000             __psmallconst 1000                  __pcinit 103E  
                __ramtop 1000                  __ptext0 1022                  __ptext1 1032  
                __ptext2 1048                  __ptext4 1002               ??_led_azul 0002  
   end_of_initialization 103E             _config_ports 1032                _PORTAbits 0F80  
              _TRISAbits 0F92                _TRISBbits 0F93            ??_config_int0 0003  
    start_initialization 103E              __end_of_isr 0020      __end_of_config_int0 1052  
              __pintcode 0008              __smallconst 1000                 _LATAbits 0F89  
            _config_int0 1048              _INTCON2bits 0FF1                 __Hrparam 0000  
               __Lrparam 0000               _ANSELAbits 0F38               _ANSELBbits 0F39  
               _led_azul 1002                 isa$xinst 0000                 int$flags 0001  
             _INTCONbits 0FF2                 intlevel2 0000             ?_config_int0 0002  
          ?_config_ports 0002  
