

Microchip MPLAB XC8 Assembler V3.10 build 20250813170317 
                                                                                               Wed Mar 18 15:58:37 2026

Microchip MPLAB XC8 C Compiler v3.10 (Free license) build 20250813170317 Og1 
     1                           	processor	18F46K22
     2                           	fnconf	rparam,??,?,0
     3                           	pagewidth 120
     4                           	opt	flic
     5                           	psect	cinit,global,reloc=2,class=CODE,space=0,delta=1
     6                           	psect	bssCOMRAM,global,class=COMRAM,space=1,delta=1,lowdata,noexec
     7                           	psect	cstackCOMRAM,global,class=COMRAM,space=1,delta=1,lowdata,noexec
     8                           	psect	text0,global,reloc=2,class=CODE,space=0,delta=1
     9                           	psect	text1,global,reloc=2,class=CODE,space=0,delta=1
    10                           	psect	text2,global,reloc=2,class=CODE,space=0,delta=1
    11                           	psect	text3,global,reloc=2,class=CODE,space=0,delta=1
    12                           	psect	text4,global,reloc=2,class=CODE,space=0,delta=1
    13                           	psect	text5,global,reloc=2,class=CODE,space=0,delta=1
    14                           	psect	text6,global,reloc=2,class=CODE,space=0,delta=1
    15                           	psect	intcode,global,reloc=2,class=CODE,space=0,delta=1
    16                           	psect	text8,global,reloc=2,class=CODE,space=0,delta=1
    17                           	psect	text9,global,reloc=2,class=CODE,space=0,delta=1,group=1
    18                           	psect	smallconst,global,reloc=2,class=SMALLCONST,space=0,delta=1,noexec
    19                           	psect	intsave_regs,global,class=BIGRAM,space=1,delta=1,noexec
    20                           	psect	rparam,global,class=COMRAM,space=1,delta=1,noexec
    21                           	dabs	1,0x1,1
    22   000000                     
    23                           ; Generated 24/03/2025 GMT
    24                           ; 
    25                           ; Copyright © 2025, Microchip Technology Inc. and its subsidiaries ("Microchip")
    26                           ; All rights reserved.
    27                           ; 
    28                           ; This software is developed by Microchip Technology Inc. and its subsidiaries ("Microch
      +                          ip").
    29                           ; 
    30                           ; Redistribution and use in source and binary forms, with or without modification, are
    31                           ; permitted provided that the following conditions are met:
    32                           ; 
    33                           ;     1. Redistributions of source code must retain the above copyright notice, this lis
      +                          t of
    34                           ;        conditions and the following disclaimer.
    35                           ; 
    36                           ;     2. Redistributions in binary form must reproduce the above copyright notice, this 
      +                          list
    37                           ;        of conditions and the following disclaimer in the documentation and/or other
    38                           ;        materials provided with the distribution. Publication is not required when
    39                           ;        this file is used in an embedded application.
    40                           ; 
    41                           ;     3. Microchip's name may not be used to endorse or promote products derived from th
      +                          is
    42                           ;        software without specific prior written permission.
    43                           ; 
    44                           ; THIS SOFTWARE IS PROVIDED BY MICROCHIP "AS IS" AND ANY EXPRESS OR IMPLIED WARRANTIES,
    45                           ; INCLUDING, BUT NOT LIMITED TO, THE IMPLIED WARRANTIES OF MERCHANTABILITY AND FITNESS F
      +                          OR
    46                           ; PURPOSE ARE DISCLAIMED.  IN NO EVENT SHALL MICROCHIP BE LIABLE FOR ANY DIRECT, INDIREC
      +                          T,
    47                           ; INCIDENTAL, SPECIAL, EXEMPLARY, OR CONSEQUENTIAL DAMAGES (INCLUDING BUT NOT LIMITED TO
    48                           ; PROCUREMENT OF SUBSTITUTE GOODS OR SERVICES; LOSS OF USE, DATA OR PROFITS; OR BUSINESS
    49                           ; INTERRUPTION) HOWSOEVER CAUSED AND ON ANY THEORY OF LIABILITY, WHETHER IN CONTRACT, ST
      +                          RICT
    50                           ; LIABILITY, OR TORT (INCLUDING NEGLIGENCE OR OTHERWISE) ARISING IN ANY WAY OUT OF THE U
      +                          SE OF
    51                           ; THIS SOFTWARE, EVEN IF ADVISED OF THE POSSIBILITY OF SUCH DAMAGE.
    52                           ; 
    53                           ; 
    54                           ; Code-generator required, PIC18F46K22 Definitions
    55                           ; 
    56                           ; SFR Addresses
    57   000FE0                     bsr             equ	4064
    58   000FE9                     fsr0            equ	4073
    59   000FEA                     fsr0h           equ	4074
    60   000FE9                     fsr0l           equ	4073
    61   000FE1                     fsr1            equ	4065
    62   000FE2                     fsr1h           equ	4066
    63   000FE1                     fsr1l           equ	4065
    64   000FD9                     fsr2            equ	4057
    65   000FDA                     fsr2h           equ	4058
    66   000FD9                     fsr2l           equ	4057
    67   000FEF                     indf0           equ	4079
    68   000FE7                     indf1           equ	4071
    69   000FDF                     indf2           equ	4063
    70   000FF2                     intcon          equ	4082
    71   000000                     nvmcon          equ	0
    72   000FF9                     pcl             equ	4089
    73   000FFA                     pclath          equ	4090
    74   000FFB                     pclatu          equ	4091
    75   000FEB                     plusw0          equ	4075
    76   000FE3                     plusw1          equ	4067
    77   000FDB                     plusw2          equ	4059
    78   000FED                     postdec0        equ	4077
    79   000FE5                     postdec1        equ	4069
    80   000FDD                     postdec2        equ	4061
    81   000FEE                     postinc0        equ	4078
    82   000FE6                     postinc1        equ	4070
    83   000FDE                     postinc2        equ	4062
    84   000FEC                     preinc0         equ	4076
    85   000FE4                     preinc1         equ	4068
    86   000FDC                     preinc2         equ	4060
    87   000FF3                     prod            equ	4083
    88   000FF4                     prodh           equ	4084
    89   000FF3                     prodl           equ	4083
    90   000FD8                     status          equ	4056
    91   000FF5                     tablat          equ	4085
    92   000FF6                     tblptr          equ	4086
    93   000FF7                     tblptrh         equ	4087
    94   000FF6                     tblptrl         equ	4086
    95   000FF8                     tblptru         equ	4088
    96   000FFD                     tosl            equ	4093
    97   000FE8                     wreg            equ	4072
    98   000F38                     ANSELA          equ	3896	;# 
    99   000F39                     ANSELB          equ	3897	;# 
   100   000F3A                     ANSELC          equ	3898	;# 
   101   000F3B                     ANSELD          equ	3899	;# 
   102   000F3C                     ANSELE          equ	3900	;# 
   103   000F3D                     PMD2            equ	3901	;# 
   104   000F3E                     PMD1            equ	3902	;# 
   105   000F3F                     PMD0            equ	3903	;# 
   106   000F40                     VREFCON2        equ	3904	;# 
   107   000F40                     DACCON1         equ	3904	;# 
   108   000F41                     VREFCON1        equ	3905	;# 
   109   000F41                     DACCON0         equ	3905	;# 
   110   000F42                     VREFCON0        equ	3906	;# 
   111   000F42                     FVRCON          equ	3906	;# 
   112   000F43                     CTMUICON        equ	3907	;# 
   113   000F43                     CTMUICONH       equ	3907	;# 
   114   000F44                     CTMUCONL        equ	3908	;# 
   115   000F44                     CTMUCON1        equ	3908	;# 
   116   000F45                     CTMUCONH        equ	3909	;# 
   117   000F45                     CTMUCON0        equ	3909	;# 
   118   000F46                     SRCON1          equ	3910	;# 
   119   000F47                     SRCON0          equ	3911	;# 
   120   000F48                     CCPTMRS1        equ	3912	;# 
   121   000F49                     CCPTMRS0        equ	3913	;# 
   122   000F4A                     T6CON           equ	3914	;# 
   123   000F4B                     PR6             equ	3915	;# 
   124   000F4C                     TMR6            equ	3916	;# 
   125   000F4D                     T5GCON          equ	3917	;# 
   126   000F4E                     T5CON           equ	3918	;# 
   127   000F4F                     TMR5            equ	3919	;# 
   128   000F4F                     TMR5L           equ	3919	;# 
   129   000F50                     TMR5H           equ	3920	;# 
   130   000F51                     T4CON           equ	3921	;# 
   131   000F52                     PR4             equ	3922	;# 
   132   000F53                     TMR4            equ	3923	;# 
   133   000F54                     CCP5CON         equ	3924	;# 
   134   000F55                     CCPR5           equ	3925	;# 
   135   000F55                     CCPR5L          equ	3925	;# 
   136   000F56                     CCPR5H          equ	3926	;# 
   137   000F57                     CCP4CON         equ	3927	;# 
   138   000F58                     CCPR4           equ	3928	;# 
   139   000F58                     CCPR4L          equ	3928	;# 
   140   000F59                     CCPR4H          equ	3929	;# 
   141   000F5A                     PSTR3CON        equ	3930	;# 
   142   000F5B                     ECCP3AS         equ	3931	;# 
   143   000F5B                     CCP3AS          equ	3931	;# 
   144   000F5C                     PWM3CON         equ	3932	;# 
   145   000F5D                     CCP3CON         equ	3933	;# 
   146   000F5E                     CCPR3           equ	3934	;# 
   147   000F5E                     CCPR3L          equ	3934	;# 
   148   000F5F                     CCPR3H          equ	3935	;# 
   149   000F60                     SLRCON          equ	3936	;# 
   150   000F61                     WPUB            equ	3937	;# 
   151   000F62                     IOCB            equ	3938	;# 
   152   000F63                     PSTR2CON        equ	3939	;# 
   153   000F64                     ECCP2AS         equ	3940	;# 
   154   000F64                     CCP2AS          equ	3940	;# 
   155   000F65                     PWM2CON         equ	3941	;# 
   156   000F66                     CCP2CON         equ	3942	;# 
   157   000F67                     CCPR2           equ	3943	;# 
   158   000F67                     CCPR2L          equ	3943	;# 
   159   000F68                     CCPR2H          equ	3944	;# 
   160   000F69                     SSP2CON3        equ	3945	;# 
   161   000F6A                     SSP2MSK         equ	3946	;# 
   162   000F6B                     SSP2CON2        equ	3947	;# 
   163   000F6C                     SSP2CON1        equ	3948	;# 
   164   000F6D                     SSP2STAT        equ	3949	;# 
   165   000F6E                     SSP2ADD         equ	3950	;# 
   166   000F6F                     SSP2BUF         equ	3951	;# 
   167   000F70                     BAUDCON2        equ	3952	;# 
   168   000F70                     BAUD2CON        equ	3952	;# 
   169   000F71                     RCSTA2          equ	3953	;# 
   170   000F71                     RC2STA          equ	3953	;# 
   171   000F72                     TXSTA2          equ	3954	;# 
   172   000F72                     TX2STA          equ	3954	;# 
   173   000F73                     TXREG2          equ	3955	;# 
   174   000F73                     TX2REG          equ	3955	;# 
   175   000F74                     RCREG2          equ	3956	;# 
   176   000F74                     RC2REG          equ	3956	;# 
   177   000F75                     SPBRG2          equ	3957	;# 
   178   000F75                     SP2BRG          equ	3957	;# 
   179   000F76                     SPBRGH2         equ	3958	;# 
   180   000F76                     SP2BRGH         equ	3958	;# 
   181   000F77                     CM2CON1         equ	3959	;# 
   182   000F77                     CM12CON         equ	3959	;# 
   183   000F78                     CM2CON0         equ	3960	;# 
   184   000F78                     CM2CON          equ	3960	;# 
   185   000F79                     CM1CON0         equ	3961	;# 
   186   000F79                     CM1CON          equ	3961	;# 
   187   000F7A                     PIE4            equ	3962	;# 
   188   000F7B                     PIR4            equ	3963	;# 
   189   000F7C                     IPR4            equ	3964	;# 
   190   000F7D                     PIE5            equ	3965	;# 
   191   000F7E                     PIR5            equ	3966	;# 
   192   000F7F                     IPR5            equ	3967	;# 
   193   000F80                     PORTA           equ	3968	;# 
   194   000F81                     PORTB           equ	3969	;# 
   195   000F82                     PORTC           equ	3970	;# 
   196   000F83                     PORTD           equ	3971	;# 
   197   000F84                     PORTE           equ	3972	;# 
   198   000F89                     LATA            equ	3977	;# 
   199   000F8A                     LATB            equ	3978	;# 
   200   000F8B                     LATC            equ	3979	;# 
   201   000F8C                     LATD            equ	3980	;# 
   202   000F8D                     LATE            equ	3981	;# 
   203   000F92                     TRISA           equ	3986	;# 
   204   000F92                     DDRA            equ	3986	;# 
   205   000F93                     TRISB           equ	3987	;# 
   206   000F93                     DDRB            equ	3987	;# 
   207   000F94                     TRISC           equ	3988	;# 
   208   000F94                     DDRC            equ	3988	;# 
   209   000F95                     TRISD           equ	3989	;# 
   210   000F95                     DDRD            equ	3989	;# 
   211   000F96                     TRISE           equ	3990	;# 
   212   000F96                     DDRE            equ	3990	;# 
   213   000F9B                     OSCTUNE         equ	3995	;# 
   214   000F9C                     HLVDCON         equ	3996	;# 
   215   000F9C                     LVDCON          equ	3996	;# 
   216   000F9D                     PIE1            equ	3997	;# 
   217   000F9E                     PIR1            equ	3998	;# 
   218   000F9F                     IPR1            equ	3999	;# 
   219   000FA0                     PIE2            equ	4000	;# 
   220   000FA1                     PIR2            equ	4001	;# 
   221   000FA2                     IPR2            equ	4002	;# 
   222   000FA3                     PIE3            equ	4003	;# 
   223   000FA4                     PIR3            equ	4004	;# 
   224   000FA5                     IPR3            equ	4005	;# 
   225   000FA6                     EECON1          equ	4006	;# 
   226   000FA7                     EECON2          equ	4007	;# 
   227   000FA8                     EEDATA          equ	4008	;# 
   228   000FA9                     EEADR           equ	4009	;# 
   229   000FAA                     EEADRH          equ	4010	;# 
   230   000FAB                     RCSTA1          equ	4011	;# 
   231   000FAB                     RCSTA           equ	4011	;# 
   232   000FAB                     RC1STA          equ	4011	;# 
   233   000FAC                     TXSTA1          equ	4012	;# 
   234   000FAC                     TXSTA           equ	4012	;# 
   235   000FAC                     TX1STA          equ	4012	;# 
   236   000FAD                     TXREG1          equ	4013	;# 
   237   000FAD                     TXREG           equ	4013	;# 
   238   000FAD                     TX1REG          equ	4013	;# 
   239   000FAE                     RCREG1          equ	4014	;# 
   240   000FAE                     RCREG           equ	4014	;# 
   241   000FAE                     RC1REG          equ	4014	;# 
   242   000FAF                     SPBRG1          equ	4015	;# 
   243   000FAF                     SPBRG           equ	4015	;# 
   244   000FAF                     SP1BRG          equ	4015	;# 
   245   000FB0                     SPBRGH1         equ	4016	;# 
   246   000FB0                     SPBRGH          equ	4016	;# 
   247   000FB0                     SP1BRGH         equ	4016	;# 
   248   000FB1                     T3CON           equ	4017	;# 
   249   000FB2                     TMR3            equ	4018	;# 
   250   000FB2                     TMR3L           equ	4018	;# 
   251   000FB3                     TMR3H           equ	4019	;# 
   252   000FB4                     T3GCON          equ	4020	;# 
   253   000FB6                     ECCP1AS         equ	4022	;# 
   254   000FB6                     ECCPAS          equ	4022	;# 
   255   000FB7                     PWM1CON         equ	4023	;# 
   256   000FB7                     PWMCON          equ	4023	;# 
   257   000FB8                     BAUDCON1        equ	4024	;# 
   258   000FB8                     BAUDCON         equ	4024	;# 
   259   000FB8                     BAUDCTL         equ	4024	;# 
   260   000FB8                     BAUD1CON        equ	4024	;# 
   261   000FB9                     PSTR1CON        equ	4025	;# 
   262   000FB9                     PSTRCON         equ	4025	;# 
   263   000FBA                     T2CON           equ	4026	;# 
   264   000FBB                     PR2             equ	4027	;# 
   265   000FBC                     TMR2            equ	4028	;# 
   266   000FBD                     CCP1CON         equ	4029	;# 
   267   000FBE                     CCPR1           equ	4030	;# 
   268   000FBE                     CCPR1L          equ	4030	;# 
   269   000FBF                     CCPR1H          equ	4031	;# 
   270   000FC0                     ADCON2          equ	4032	;# 
   271   000FC1                     ADCON1          equ	4033	;# 
   272   000FC2                     ADCON0          equ	4034	;# 
   273   000FC3                     ADRES           equ	4035	;# 
   274   000FC3                     ADRESL          equ	4035	;# 
   275   000FC4                     ADRESH          equ	4036	;# 
   276   000FC5                     SSP1CON2        equ	4037	;# 
   277   000FC5                     SSPCON2         equ	4037	;# 
   278   000FC6                     SSP1CON1        equ	4038	;# 
   279   000FC6                     SSPCON1         equ	4038	;# 
   280   000FC7                     SSP1STAT        equ	4039	;# 
   281   000FC7                     SSPSTAT         equ	4039	;# 
   282   000FC8                     SSP1ADD         equ	4040	;# 
   283   000FC8                     SSPADD          equ	4040	;# 
   284   000FC9                     SSP1BUF         equ	4041	;# 
   285   000FC9                     SSPBUF          equ	4041	;# 
   286   000FCA                     SSP1MSK         equ	4042	;# 
   287   000FCA                     SSPMSK          equ	4042	;# 
   288   000FCB                     SSP1CON3        equ	4043	;# 
   289   000FCB                     SSPCON3         equ	4043	;# 
   290   000FCC                     T1GCON          equ	4044	;# 
   291   000FCD                     T1CON           equ	4045	;# 
   292   000FCE                     TMR1            equ	4046	;# 
   293   000FCE                     TMR1L           equ	4046	;# 
   294   000FCF                     TMR1H           equ	4047	;# 
   295   000FD0                     RCON            equ	4048	;# 
   296   000FD1                     WDTCON          equ	4049	;# 
   297   000FD2                     OSCCON2         equ	4050	;# 
   298   000FD3                     OSCCON          equ	4051	;# 
   299   000FD5                     T0CON           equ	4053	;# 
   300   000FD6                     TMR0            equ	4054	;# 
   301   000FD6                     TMR0L           equ	4054	;# 
   302   000FD7                     TMR0H           equ	4055	;# 
   303   000FD8                     STATUS          equ	4056	;# 
   304   000FD9                     FSR2            equ	4057	;# 
   305   000FD9                     FSR2L           equ	4057	;# 
   306   000FDA                     FSR2H           equ	4058	;# 
   307   000FDB                     PLUSW2          equ	4059	;# 
   308   000FDC                     PREINC2         equ	4060	;# 
   309   000FDD                     POSTDEC2        equ	4061	;# 
   310   000FDE                     POSTINC2        equ	4062	;# 
   311   000FDF                     INDF2           equ	4063	;# 
   312   000FE0                     BSR             equ	4064	;# 
   313   000FE1                     FSR1            equ	4065	;# 
   314   000FE1                     FSR1L           equ	4065	;# 
   315   000FE2                     FSR1H           equ	4066	;# 
   316   000FE3                     PLUSW1          equ	4067	;# 
   317   000FE4                     PREINC1         equ	4068	;# 
   318   000FE5                     POSTDEC1        equ	4069	;# 
   319   000FE6                     POSTINC1        equ	4070	;# 
   320   000FE7                     INDF1           equ	4071	;# 
   321   000FE8                     WREG            equ	4072	;# 
   322   000FE9                     FSR0            equ	4073	;# 
   323   000FE9                     FSR0L           equ	4073	;# 
   324   000FEA                     FSR0H           equ	4074	;# 
   325   000FEB                     PLUSW0          equ	4075	;# 
   326   000FEC                     PREINC0         equ	4076	;# 
   327   000FED                     POSTDEC0        equ	4077	;# 
   328   000FEE                     POSTINC0        equ	4078	;# 
   329   000FEF                     INDF0           equ	4079	;# 
   330   000FF0                     INTCON3         equ	4080	;# 
   331   000FF1                     INTCON2         equ	4081	;# 
   332   000FF2                     INTCON          equ	4082	;# 
   333   000FF3                     PROD            equ	4083	;# 
   334   000FF3                     PRODL           equ	4083	;# 
   335   000FF4                     PRODH           equ	4084	;# 
   336   000FF5                     TABLAT          equ	4085	;# 
   337   000FF6                     TBLPTR          equ	4086	;# 
   338   000FF6                     TBLPTRL         equ	4086	;# 
   339   000FF7                     TBLPTRH         equ	4087	;# 
   340   000FF8                     TBLPTRU         equ	4088	;# 
   341   000FF9                     PCLAT           equ	4089	;# 
   342   000FF9                     PC              equ	4089	;# 
   343   000FF9                     PCL             equ	4089	;# 
   344   000FFA                     PCLATH          equ	4090	;# 
   345   000FFB                     PCLATU          equ	4091	;# 
   346   000FFC                     STKPTR          equ	4092	;# 
   347   000FFD                     TOS             equ	4093	;# 
   348   000FFD                     TOSL            equ	4093	;# 
   349   000FFE                     TOSH            equ	4094	;# 
   350   000FFF                     TOSU            equ	4095	;# 
   351   000F3B                     _ANSELDbits     set	3899
   352   000FFD                     _TOS            set	4093
   353   000FD6                     _TMR0           set	4054
   354   000F95                     _TRISDbits      set	3989
   355   000F83                     _PORTDbits      set	3971
   356   000F8C                     _LATDbits       set	3980
   357   000FFC                     _STKPTR         set	4092
   358   000FD5                     _T0CONbits      set	4053
   359   000FF2                     _INTCONbits     set	4082
   360                           
   361                           ; #config settings
   362                           
   363                           	psect	cinit
   364   00123C                     __pcinit:
   365                           	callstack 0
   366   00123C                     start_initialization:
   367                           	callstack 0
   368   00123C                     __initialization:
   369                           	callstack 0
   370                           
   371                           ; Clear objects allocated to COMRAM (17 bytes)
   372   00123C  EE00  F018         	lfsr	0,__pbssCOMRAM
   373   001240  0E11               	movlw	17
   374   001242                     clear_0:
   375   001242  6AEE               	clrf	postinc0,c
   376   001244  06E8               	decf	wreg,f,c
   377   001246  E1FD               	bnz	clear_0
   378   001248                     end_of_initialization:
   379                           	callstack 0
   380   001248                     __end_of__initialization:
   381                           	callstack 0
   382   001248  9001               	bcf	int$flags,0,c	;clear compiler interrupt flag (level 1)
   383   00124A  9201               	bcf	int$flags,1,c	;clear compiler interrupt flag (level 2)
   384   00124C  0E00               	movlw	low (__Lmediumconst shr (0+16))
   385   00124E  6EF8               	movwf	tblptru,c
   386   001250  0100               	movlb	0
   387   001252  EFC2  F008         	goto	_main	;jump to C main() function
   388                           
   389                           	psect	bssCOMRAM
   390   000018                     __pbssCOMRAM:
   391                           	callstack 0
   392   000018                     _ready_queue:
   393                           	callstack 0
   394   000018                     	ds	15
   395   000027                     _vez:
   396                           	callstack 0
   397   000027                     	ds	1
   398   000028                     _pos:
   399                           	callstack 0
   400   000028                     	ds	1
   401                           
   402                           	psect	cstackCOMRAM
   403   000002                     __pcstackCOMRAM:
   404                           	callstack 0
   405   000002                     ?___awmod:
   406                           	callstack 0
   407   000002                     ___awmod@dividend:
   408                           	callstack 0
   409                           
   410                           ; 2 bytes @ 0x0
   411   000002                     	ds	2
   412   000004                     ___awmod@divisor:
   413                           	callstack 0
   414                           
   415                           ; 2 bytes @ 0x2
   416   000004                     	ds	2
   417   000006                     ___awmod@counter:
   418                           	callstack 0
   419   000006                     
   420                           ; 1 bytes @ 0x4
   421   000006                     	ds	1
   422   000007                     ___awmod@sign:
   423                           	callstack 0
   424                           
   425                           ; 1 bytes @ 0x5
   426   000007                     	ds	1
   427   000008                     ?_round_robin:
   428                           	callstack 0
   429                           
   430                           ; 2 bytes @ 0x6
   431   000008                     	ds	2
   432   00000A                     
   433                           ; 1 bytes @ 0x8
   434   00000A                     	ds	1
   435   00000B                     ??_ISR:
   436                           
   437                           ; 1 bytes @ 0x9
   438   00000B                     	ds	7
   439   000012                     ??_task_1:
   440                           
   441                           ; 1 bytes @ 0x10
   442   000012                     	ds	1
   443   000013                     ??_task_2:
   444                           
   445                           ; 1 bytes @ 0x11
   446   000013                     	ds	1
   447   000014                     ??_task_3:
   448                           
   449                           ; 1 bytes @ 0x12
   450   000014                     	ds	1
   451   000015                     create_task@f:
   452                           	callstack 0
   453   000015                     
   454                           ; 1 bytes @ 0x13
   455   000015                     	ds	2
   456   000017                     create_task@id:
   457                           	callstack 0
   458                           
   459                           ; 1 bytes @ 0x15
   460   000017                     	ds	1
   461   000018                     
   462                           ; 1 bytes @ 0x16
   463 ;;
   464 ;;Main: autosize = 0, tempsize = 0, incstack = 0, save=0
   465 ;;
   466 ;; *************** function _main *****************
   467 ;; Defined at:
   468 ;;		line 31 in file "main.c"
   469 ;; Parameters:    Size  Location     Type
   470 ;;		None
   471 ;; Auto vars:     Size  Location     Type
   472 ;;		None
   473 ;; Return value:  Size  Location     Type
   474 ;;                  2   42[None  ] int 
   475 ;; Registers used:
   476 ;;		wreg, fsr2l, fsr2h, status,2, status,0, prodl, prodh, cstack
   477 ;; Tracked objects:
   478 ;;		On entry : 0/0
   479 ;;		On exit  : 0/0
   480 ;;		Unchanged: 0/0
   481 ;; Data sizes:     COMRAM   BANK0   BANK1   BANK2   BANK3   BANK4   BANK5   BANK6   BANK7   BANK8   BANK9  BANK10  BANK1
      +1  BANK12  BANK13  BANK14  BANK15
   482 ;;      Params:         0       0       0       0       0       0       0       0       0       0       0       0       
      +0       0       0       0       0
   483 ;;      Locals:         0       0       0       0       0       0       0       0       0       0       0       0       
      +0       0       0       0       0
   484 ;;      Temps:          0       0       0       0       0       0       0       0       0       0       0       0       
      +0       0       0       0       0
   485 ;;      Totals:         0       0       0       0       0       0       0       0       0       0       0       0       
      +0       0       0       0       0
   486 ;;Total ram usage:        0 bytes
   487 ;; Hardware stack levels required when called: 5
   488 ;; This function calls:
   489 ;;		_config_tasks
   490 ;;		_config_timer0
   491 ;;		_create_task
   492 ;; This function is called by:
   493 ;;		Startup code after reset
   494 ;; This function uses a non-reentrant model
   495 ;;
   496                           
   497                           	psect	text0
   498   001184                     __ptext0:
   499                           	callstack 0
   500   001184                     _main:
   501                           	callstack 26
   502   001184                     
   503                           ;main.c: 33:     config_tasks();
   504   001184  EC38  F009         	call	_config_tasks	;wreg free
   505   001188                     
   506                           ;main.c: 37:     create_task(task_1, 1);
   507   001188  0E16               	movlw	low _task_1
   508   00118A  6E15               	movwf	create_task@f^0,c
   509   00118C  0E12               	movlw	high _task_1
   510   00118E  6E16               	movwf	(create_task@f+1)^0,c
   511   001190  0E01               	movlw	1
   512   001192  6E17               	movwf	create_task@id^0,c
   513   001194  EC9F  F008         	call	_create_task	;wreg free
   514   001198                     
   515                           ;main.c: 38:     create_task(task_2, 2);
   516   001198  0EEE               	movlw	low _task_2
   517   00119A  6E15               	movwf	create_task@f^0,c
   518   00119C  0E11               	movlw	high _task_2
   519   00119E  6E16               	movwf	(create_task@f+1)^0,c
   520   0011A0  0E02               	movlw	2
   521   0011A2  6E17               	movwf	create_task@id^0,c
   522   0011A4  EC9F  F008         	call	_create_task	;wreg free
   523   0011A8                     
   524                           ;main.c: 39:     create_task(task_3, 3);
   525   0011A8  0EC4               	movlw	low _task_3
   526   0011AA  6E15               	movwf	create_task@f^0,c
   527   0011AC  0E11               	movlw	high _task_3
   528   0011AE  6E16               	movwf	(create_task@f+1)^0,c
   529   0011B0  0E03               	movlw	3
   530   0011B2  6E17               	movwf	create_task@id^0,c
   531   0011B4  EC9F  F008         	call	_create_task	;wreg free
   532   0011B8                     
   533                           ;main.c: 41:     config_timer0();
   534   0011B8  EC2B  F009         	call	_config_timer0	;wreg free
   535   0011BC                     l43:
   536   0011BC  EFDE  F008         	goto	l43
   537   0011C0  EF2B  F000         	goto	start
   538   0011C4                     __end_of_main:
   539                           	callstack 0
   540                           
   541 ;; *************** function _create_task *****************
   542 ;; Defined at:
   543 ;;		line 63 in file "main.c"
   544 ;; Parameters:    Size  Location     Type
   545 ;;  f               2   19[COMRAM] PTR FTN()void 
   546 ;;		 -> task_3(1), task_2(1), task_1(1), 
   547 ;;  id              1   21[COMRAM] unsigned char 
   548 ;; Auto vars:     Size  Location     Type
   549 ;;		None
   550 ;; Return value:  Size  Location     Type
   551 ;;                  1    wreg      void 
   552 ;; Registers used:
   553 ;;		wreg, fsr2l, fsr2h, status,2, status,0, prodl, prodh
   554 ;; Tracked objects:
   555 ;;		On entry : 0/0
   556 ;;		On exit  : 0/0
   557 ;;		Unchanged: 0/0
   558 ;; Data sizes:     COMRAM   BANK0   BANK1   BANK2   BANK3   BANK4   BANK5   BANK6   BANK7   BANK8   BANK9  BANK10  BANK1
      +1  BANK12  BANK13  BANK14  BANK15
   559 ;;      Params:         3       0       0       0       0       0       0       0       0       0       0       0       
      +0       0       0       0       0
   560 ;;      Locals:         0       0       0       0       0       0       0       0       0       0       0       0       
      +0       0       0       0       0
   561 ;;      Temps:          0       0       0       0       0       0       0       0       0       0       0       0       
      +0       0       0       0       0
   562 ;;      Totals:         3       0       0       0       0       0       0       0       0       0       0       0       
      +0       0       0       0       0
   563 ;;Total ram usage:        3 bytes
   564 ;; Hardware stack levels used: 1
   565 ;; Hardware stack levels required when called: 4
   566 ;; This function calls:
   567 ;;		Nothing
   568 ;; This function is called by:
   569 ;;		_main
   570 ;; This function uses a non-reentrant model
   571 ;;
   572                           
   573                           	psect	text1
   574   00113E                     __ptext1:
   575                           	callstack 0
   576   00113E                     _create_task:
   577                           	callstack 26
   578   00113E                     
   579                           ;main.c: 63: void create_task(f_ptr f, uint8_t id);main.c: 64: {;main.c: 65:     ready_q
      +                          ueue[pos].id = id;
   580   00113E  5028               	movf	_pos^0,w,c
   581   001140  0D05               	mullw	5
   582   001142  50F3               	movf	243,w,c
   583   001144  0F18               	addlw	low _ready_queue
   584   001146  6ED9               	movwf	fsr2l,c
   585   001148  6ADA               	clrf	fsr2h,c
   586   00114A  C017  FFDF         	movff	create_task@id,indf2
   587                           
   588                           ;main.c: 66:     ready_queue[pos].task_f = f;
   589   00114E  5028               	movf	_pos^0,w,c
   590   001150  0D05               	mullw	5
   591   001152  50F3               	movf	243,w,c
   592   001154  0F19               	addlw	low (_ready_queue+1)
   593   001156  6ED9               	movwf	fsr2l,c
   594   001158  6ADA               	clrf	fsr2h,c
   595   00115A  C015  FFDE         	movff	create_task@f,postinc2
   596   00115E  C016  FFDD         	movff	create_task@f+1,postdec2
   597                           
   598                           ;main.c: 67:     ready_queue[pos].delay = 0;
   599   001162  5028               	movf	_pos^0,w,c
   600   001164  0D05               	mullw	5
   601   001166  50F3               	movf	243,w,c
   602   001168  0F1B               	addlw	low (_ready_queue+3)
   603   00116A  6ED9               	movwf	fsr2l,c
   604   00116C  6ADA               	clrf	fsr2h,c
   605   00116E  6ADF               	clrf	indf2,c
   606                           
   607                           ;main.c: 68:     ready_queue[pos++].task_state = READY;
   608   001170  5028               	movf	_pos^0,w,c
   609   001172  0D05               	mullw	5
   610   001174  50F3               	movf	243,w,c
   611   001176  0F1C               	addlw	low (_ready_queue+4)
   612   001178  6ED9               	movwf	fsr2l,c
   613   00117A  6ADA               	clrf	fsr2h,c
   614   00117C  0E01               	movlw	1
   615   00117E  6EDF               	movwf	indf2,c
   616   001180  2A28               	incf	_pos^0,f,c
   617   001182  0012               	return		;funcret
   618   001184                     __end_of_create_task:
   619                           	callstack 0
   620                           
   621 ;; *************** function _config_timer0 *****************
   622 ;; Defined at:
   623 ;;		line 50 in file "main.c"
   624 ;; Parameters:    Size  Location     Type
   625 ;;		None
   626 ;; Auto vars:     Size  Location     Type
   627 ;;		None
   628 ;; Return value:  Size  Location     Type
   629 ;;                  1    wreg      void 
   630 ;; Registers used:
   631 ;;		wreg, status,2
   632 ;; Tracked objects:
   633 ;;		On entry : 0/0
   634 ;;		On exit  : 0/0
   635 ;;		Unchanged: 0/0
   636 ;; Data sizes:     COMRAM   BANK0   BANK1   BANK2   BANK3   BANK4   BANK5   BANK6   BANK7   BANK8   BANK9  BANK10  BANK1
      +1  BANK12  BANK13  BANK14  BANK15
   637 ;;      Params:         0       0       0       0       0       0       0       0       0       0       0       0       
      +0       0       0       0       0
   638 ;;      Locals:         0       0       0       0       0       0       0       0       0       0       0       0       
      +0       0       0       0       0
   639 ;;      Temps:          0       0       0       0       0       0       0       0       0       0       0       0       
      +0       0       0       0       0
   640 ;;      Totals:         0       0       0       0       0       0       0       0       0       0       0       0       
      +0       0       0       0       0
   641 ;;Total ram usage:        0 bytes
   642 ;; Hardware stack levels used: 1
   643 ;; Hardware stack levels required when called: 4
   644 ;; This function calls:
   645 ;;		Nothing
   646 ;; This function is called by:
   647 ;;		_main
   648 ;; This function uses a non-reentrant model
   649 ;;
   650                           
   651                           	psect	text2
   652   001256                     __ptext2:
   653                           	callstack 0
   654   001256                     _config_timer0:
   655                           	callstack 26
   656   001256                     
   657                           ;main.c: 52:     INTCONbits.TMR0IE = 1;
   658   001256  8AF2               	bsf	242,5,c	;volatile
   659                           
   660                           ;main.c: 53:     INTCONbits.TMR0IF = 0;
   661   001258  94F2               	bcf	242,2,c	;volatile
   662                           
   663                           ;main.c: 54:     T0CONbits.T08BIT = 1;
   664   00125A  8CD5               	bsf	213,6,c	;volatile
   665                           
   666                           ;main.c: 55:     T0CONbits.T0CS = 0;
   667   00125C  9AD5               	bcf	213,5,c	;volatile
   668                           
   669                           ;main.c: 56:     T0CONbits.PSA = 0;
   670   00125E  96D5               	bcf	213,3,c	;volatile
   671   001260                     
   672                           ;main.c: 57:     T0CONbits.T0PS = 0b111;
   673   001260  0E07               	movlw	7
   674   001262  12D5               	iorwf	213,f,c	;volatile
   675   001264                     
   676                           ;main.c: 58:     T0CONbits.TMR0ON = 1;
   677   001264  8ED5               	bsf	213,7,c	;volatile
   678                           
   679                           ;main.c: 59:     TMR0 = 0;
   680   001266  6AD7               	clrf	215,c	;volatile
   681   001268  0E00               	movlw	0
   682   00126A  6ED6               	movwf	214,c	;volatile
   683   00126C                     
   684                           ;main.c: 60:     INTCONbits.GIE = 1;
   685   00126C  8EF2               	bsf	242,7,c	;volatile
   686   00126E  0012               	return		;funcret
   687   001270                     __end_of_config_timer0:
   688                           	callstack 0
   689                           
   690 ;; *************** function _config_tasks *****************
   691 ;; Defined at:
   692 ;;		line 119 in file "main.c"
   693 ;; Parameters:    Size  Location     Type
   694 ;;		None
   695 ;; Auto vars:     Size  Location     Type
   696 ;;		None
   697 ;; Return value:  Size  Location     Type
   698 ;;                  1    wreg      void 
   699 ;; Registers used:
   700 ;;		None
   701 ;; Tracked objects:
   702 ;;		On entry : 0/0
   703 ;;		On exit  : 0/0
   704 ;;		Unchanged: 0/0
   705 ;; Data sizes:     COMRAM   BANK0   BANK1   BANK2   BANK3   BANK4   BANK5   BANK6   BANK7   BANK8   BANK9  BANK10  BANK1
      +1  BANK12  BANK13  BANK14  BANK15
   706 ;;      Params:         0       0       0       0       0       0       0       0       0       0       0       0       
      +0       0       0       0       0
   707 ;;      Locals:         0       0       0       0       0       0       0       0       0       0       0       0       
      +0       0       0       0       0
   708 ;;      Temps:          0       0       0       0       0       0       0       0       0       0       0       0       
      +0       0       0       0       0
   709 ;;      Totals:         0       0       0       0       0       0       0       0       0       0       0       0       
      +0       0       0       0       0
   710 ;;Total ram usage:        0 bytes
   711 ;; Hardware stack levels used: 1
   712 ;; Hardware stack levels required when called: 4
   713 ;; This function calls:
   714 ;;		Nothing
   715 ;; This function is called by:
   716 ;;		_main
   717 ;; This function uses a non-reentrant model
   718 ;;
   719                           
   720                           	psect	text3
   721   001270                     __ptext3:
   722                           	callstack 0
   723   001270                     _config_tasks:
   724                           	callstack 26
   725   001270                     
   726                           ;main.c: 121:     TRISDbits.RD0 = 0;
   727   001270  9095               	bcf	149,0,c	;volatile
   728                           
   729                           ;main.c: 122:     TRISDbits.RD1 = 0;
   730   001272  9295               	bcf	149,1,c	;volatile
   731                           
   732                           ;main.c: 123:     TRISDbits.RD2 = 0;
   733   001274  9495               	bcf	149,2,c	;volatile
   734                           
   735                           ;main.c: 124:     ANSELDbits.ANSD0 = 0;
   736   001276  010F               	movlb	15	; () banked
   737   001278  913B               	bcf	59,0,b	;volatile
   738                           
   739                           ;main.c: 125:     ANSELDbits.ANSD1 = 0;
   740   00127A  933B               	bcf	59,1,b	;volatile
   741                           
   742                           ;main.c: 126:     ANSELDbits.ANSD2 = 0;
   743   00127C  953B               	bcf	59,2,b	;volatile
   744   00127E                     
   745                           ; BSR set to: 15
   746   00127E  0012               	return		;funcret
   747   001280                     __end_of_config_tasks:
   748                           	callstack 0
   749                           
   750 ;; *************** function _task_1 *****************
   751 ;; Defined at:
   752 ;;		line 84 in file "main.c"
   753 ;; Parameters:    Size  Location     Type
   754 ;;		None
   755 ;; Auto vars:     Size  Location     Type
   756 ;;		None
   757 ;; Return value:  Size  Location     Type
   758 ;;                  1    wreg      void 
   759 ;; Registers used:
   760 ;;		wreg, status,2, status,0
   761 ;; Tracked objects:
   762 ;;		On entry : 0/0
   763 ;;		On exit  : 0/0
   764 ;;		Unchanged: 0/0
   765 ;; Data sizes:     COMRAM   BANK0   BANK1   BANK2   BANK3   BANK4   BANK5   BANK6   BANK7   BANK8   BANK9  BANK10  BANK1
      +1  BANK12  BANK13  BANK14  BANK15
   766 ;;      Params:         0       0       0       0       0       0       0       0       0       0       0       0       
      +0       0       0       0       0
   767 ;;      Locals:         0       0       0       0       0       0       0       0       0       0       0       0       
      +0       0       0       0       0
   768 ;;      Temps:          1       0       0       0       0       0       0       0       0       0       0       0       
      +0       0       0       0       0
   769 ;;      Totals:         1       0       0       0       0       0       0       0       0       0       0       0       
      +0       0       0       0       0
   770 ;;Total ram usage:        1 bytes
   771 ;; Hardware stack levels used: 1
   772 ;; Hardware stack levels required when called: 3
   773 ;; This function calls:
   774 ;;		Nothing
   775 ;; This function is called by:
   776 ;;		_main
   777 ;; This function uses a non-reentrant model
   778 ;;
   779                           
   780                           	psect	text4
   781   001216                     __ptext4:
   782                           	callstack 0
   783   001216                     _task_1:
   784                           	callstack 26
   785   001216                     l61:
   786   001216                     
   787                           ;main.c: 87:         LATDbits.LATD0 = ~PORTDbits.RD0;
   788   001216  B083               	btfsc	131,0,c	;volatile
   789   001218  EF10  F009         	goto	u10_21
   790   00121C  EF13  F009         	goto	u10_20
   791   001220                     u10_21:
   792   001220  0E01               	movlw	1
   793   001222  EF14  F009         	goto	u10_26
   794   001226                     u10_20:
   795   001226  0E00               	movlw	0
   796   001228                     u10_26:
   797   001228  0AFF               	xorlw	255
   798   00122A  6E12               	movwf	??_task_1^0,c
   799   00122C  508C               	movf	140,w,c	;volatile
   800   00122E  1812               	xorwf	??_task_1^0,w,c
   801   001230  0BFE               	andlw	-2
   802   001232  1812               	xorwf	??_task_1^0,w,c
   803   001234  6E8C               	movwf	140,c	;volatile
   804   001236  EF0B  F009         	goto	l61
   805   00123A  0012               	return		;funcret
   806   00123C                     __end_of_task_1:
   807                           	callstack 0
   808                           
   809 ;; *************** function _task_2 *****************
   810 ;; Defined at:
   811 ;;		line 92 in file "main.c"
   812 ;; Parameters:    Size  Location     Type
   813 ;;		None
   814 ;; Auto vars:     Size  Location     Type
   815 ;;		None
   816 ;; Return value:  Size  Location     Type
   817 ;;                  1    wreg      void 
   818 ;; Registers used:
   819 ;;		wreg, status,2, status,0
   820 ;; Tracked objects:
   821 ;;		On entry : 0/0
   822 ;;		On exit  : 0/0
   823 ;;		Unchanged: 0/0
   824 ;; Data sizes:     COMRAM   BANK0   BANK1   BANK2   BANK3   BANK4   BANK5   BANK6   BANK7   BANK8   BANK9  BANK10  BANK1
      +1  BANK12  BANK13  BANK14  BANK15
   825 ;;      Params:         0       0       0       0       0       0       0       0       0       0       0       0       
      +0       0       0       0       0
   826 ;;      Locals:         0       0       0       0       0       0       0       0       0       0       0       0       
      +0       0       0       0       0
   827 ;;      Temps:          1       0       0       0       0       0       0       0       0       0       0       0       
      +0       0       0       0       0
   828 ;;      Totals:         1       0       0       0       0       0       0       0       0       0       0       0       
      +0       0       0       0       0
   829 ;;Total ram usage:        1 bytes
   830 ;; Hardware stack levels used: 1
   831 ;; Hardware stack levels required when called: 3
   832 ;; This function calls:
   833 ;;		Nothing
   834 ;; This function is called by:
   835 ;;		_main
   836 ;; This function uses a non-reentrant model
   837 ;;
   838                           
   839                           	psect	text5
   840   0011EE                     __ptext5:
   841                           	callstack 0
   842   0011EE                     _task_2:
   843                           	callstack 26
   844   0011EE                     l67:
   845   0011EE                     
   846                           ;main.c: 95:         LATDbits.LATD1 = ~PORTDbits.RD1;
   847   0011EE  B283               	btfsc	131,1,c	;volatile
   848   0011F0  EFFC  F008         	goto	u11_21
   849   0011F4  EFFF  F008         	goto	u11_20
   850   0011F8                     u11_21:
   851   0011F8  0E01               	movlw	1
   852   0011FA  EF00  F009         	goto	u11_26
   853   0011FE                     u11_20:
   854   0011FE  0E00               	movlw	0
   855   001200                     u11_26:
   856   001200  0AFF               	xorlw	255
   857   001202  6E13               	movwf	??_task_2^0,c
   858   001204  4613               	rlncf	??_task_2^0,f,c
   859   001206  508C               	movf	140,w,c	;volatile
   860   001208  1813               	xorwf	??_task_2^0,w,c
   861   00120A  0BFD               	andlw	-3
   862   00120C  1813               	xorwf	??_task_2^0,w,c
   863   00120E  6E8C               	movwf	140,c	;volatile
   864   001210  EFF7  F008         	goto	l67
   865   001214  0012               	return		;funcret
   866   001216                     __end_of_task_2:
   867                           	callstack 0
   868                           
   869 ;; *************** function _task_3 *****************
   870 ;; Defined at:
   871 ;;		line 99 in file "main.c"
   872 ;; Parameters:    Size  Location     Type
   873 ;;		None
   874 ;; Auto vars:     Size  Location     Type
   875 ;;		None
   876 ;; Return value:  Size  Location     Type
   877 ;;                  1    wreg      void 
   878 ;; Registers used:
   879 ;;		wreg, status,2, status,0
   880 ;; Tracked objects:
   881 ;;		On entry : 0/0
   882 ;;		On exit  : 0/0
   883 ;;		Unchanged: 0/0
   884 ;; Data sizes:     COMRAM   BANK0   BANK1   BANK2   BANK3   BANK4   BANK5   BANK6   BANK7   BANK8   BANK9  BANK10  BANK1
      +1  BANK12  BANK13  BANK14  BANK15
   885 ;;      Params:         0       0       0       0       0       0       0       0       0       0       0       0       
      +0       0       0       0       0
   886 ;;      Locals:         0       0       0       0       0       0       0       0       0       0       0       0       
      +0       0       0       0       0
   887 ;;      Temps:          1       0       0       0       0       0       0       0       0       0       0       0       
      +0       0       0       0       0
   888 ;;      Totals:         1       0       0       0       0       0       0       0       0       0       0       0       
      +0       0       0       0       0
   889 ;;Total ram usage:        1 bytes
   890 ;; Hardware stack levels used: 1
   891 ;; Hardware stack levels required when called: 3
   892 ;; This function calls:
   893 ;;		Nothing
   894 ;; This function is called by:
   895 ;;		_main
   896 ;; This function uses a non-reentrant model
   897 ;;
   898                           
   899                           	psect	text6
   900   0011C4                     __ptext6:
   901                           	callstack 0
   902   0011C4                     _task_3:
   903                           	callstack 26
   904   0011C4                     l73:
   905   0011C4                     
   906                           ;main.c: 102:         LATDbits.LATD2 = ~PORTDbits.RD2;
   907   0011C4  B483               	btfsc	131,2,c	;volatile
   908   0011C6  EFE7  F008         	goto	u12_21
   909   0011CA  EFEA  F008         	goto	u12_20
   910   0011CE                     u12_21:
   911   0011CE  0E01               	movlw	1
   912   0011D0  EFEB  F008         	goto	u12_26
   913   0011D4                     u12_20:
   914   0011D4  0E00               	movlw	0
   915   0011D6                     u12_26:
   916   0011D6  0AFF               	xorlw	255
   917   0011D8  6E14               	movwf	??_task_3^0,c
   918   0011DA  4614               	rlncf	??_task_3^0,f,c
   919   0011DC  4614               	rlncf	??_task_3^0,f,c
   920   0011DE  508C               	movf	140,w,c	;volatile
   921   0011E0  1814               	xorwf	??_task_3^0,w,c
   922   0011E2  0BFB               	andlw	-5
   923   0011E4  1814               	xorwf	??_task_3^0,w,c
   924   0011E6  6E8C               	movwf	140,c	;volatile
   925   0011E8  EFE2  F008         	goto	l73
   926   0011EC  0012               	return		;funcret
   927   0011EE                     __end_of_task_3:
   928                           	callstack 0
   929                           
   930 ;; *************** function _ISR *****************
   931 ;; Defined at:
   932 ;;		line 71 in file "main.c"
   933 ;; Parameters:    Size  Location     Type
   934 ;;		None
   935 ;; Auto vars:     Size  Location     Type
   936 ;;		None
   937 ;; Return value:  Size  Location     Type
   938 ;;                  1    wreg      void 
   939 ;; Registers used:
   940 ;;		wreg, fsr2l, fsr2h, status,2, status,0, prodl, prodh, cstack
   941 ;; Tracked objects:
   942 ;;		On entry : 0/0
   943 ;;		On exit  : 0/0
   944 ;;		Unchanged: 0/0
   945 ;; Data sizes:     COMRAM   BANK0   BANK1   BANK2   BANK3   BANK4   BANK5   BANK6   BANK7   BANK8   BANK9  BANK10  BANK1
      +1  BANK12  BANK13  BANK14  BANK15
   946 ;;      Params:         0       0       0       0       0       0       0       0       0       0       0       0       
      +0       0       0       0       0
   947 ;;      Locals:         0       0       0       0       0       0       0       0       0       0       0       0       
      +0       0       0       0       0
   948 ;;      Temps:          4       0       0       0       0       0       0       0       0       0       0       0       
      +0       0       0       0       0
   949 ;;      Totals:         4       0       0       0       0       0       0       0       0       0       0       0       
      +0       0       0       0       0
   950 ;;Total ram usage:        4 bytes
   951 ;; Hardware stack levels used: 1
   952 ;; Hardware stack levels required when called: 2
   953 ;; This function calls:
   954 ;;		_round_robin
   955 ;; This function is called by:
   956 ;;		Interrupt level 2
   957 ;; This function uses a non-reentrant model
   958 ;;
   959                           
   960                           	psect	intcode
   961   000008                     __pintcode:
   962                           	callstack 0
   963   000008                     _ISR:
   964                           	callstack 26
   965                           
   966                           ;incstack = 0
   967   000008  8201               	bsf	int$flags,1,c	;set compiler interrupt flag (level 2)
   968   00000A  CFD9 F00B          	movff	fsr2l,??_ISR
   969   00000E  CFDA F00C          	movff	fsr2h,??_ISR+1
   970   000012  CFF3 F00D          	movff	prodl,??_ISR+2
   971   000016  CFF4 F00E          	movff	prodh,??_ISR+3
   972   00001A                     
   973                           ;main.c: 73:     if (INTCONbits.TMR0IF) {
   974   00001A  A4F2               	btfss	242,2,c	;volatile
   975   00001C  EF12  F000         	goto	i2u21_41
   976   000020  EF14  F000         	goto	i2u21_40
   977   000024                     i2u21_41:
   978   000024  EF21  F000         	goto	i2l58
   979   000028                     i2u21_40:
   980   000028                     
   981                           ;main.c: 74:         INTCONbits.TMR0IF = 0;
   982   000028  94F2               	bcf	242,2,c	;volatile
   983   00002A                     
   984                           ;main.c: 75:         TMR0 = 0;
   985   00002A  6AD7               	clrf	215,c	;volatile
   986   00002C  0E00               	movlw	0
   987   00002E  6ED6               	movwf	214,c	;volatile
   988   000030                     
   989                           ;main.c: 77:         STKPTR = 0;
   990   000030  6AFC               	clrf	252,c	;volatile
   991   000032  0005               	push		;# 
   992   000034                     
   993                           ;main.c: 79:         TOS = (uint24_t)round_robin();
   994   000034  EC58  F008         	call	_round_robin	;wreg free
   995   000038  C008  FFFD         	movff	?_round_robin,tosl	;volatile
   996   00003C  C009  FFFE         	movff	?_round_robin+1,tosh	;volatile
   997   000040  6AFF               	clrf	255,c	;volatile
   998   000042                     i2l58:
   999   000042  C00E  FFF4         	movff	??_ISR+3,prodh
  1000   000046  C00D  FFF3         	movff	??_ISR+2,prodl
  1001   00004A  C00C  FFDA         	movff	??_ISR+1,fsr2h
  1002   00004E  C00B  FFD9         	movff	??_ISR,fsr2l
  1003   000052  9201               	bcf	int$flags,1,c	;clear compiler interrupt flag (level 2)
  1004   000054  0011               	retfie		f
  1005   000056                     __end_of_ISR:
  1006                           	callstack 0
  1007                           
  1008 ;; *************** function _round_robin *****************
  1009 ;; Defined at:
  1010 ;;		line 106 in file "main.c"
  1011 ;; Parameters:    Size  Location     Type
  1012 ;;		None
  1013 ;; Auto vars:     Size  Location     Type
  1014 ;;		None
  1015 ;; Return value:  Size  Location     Type
  1016 ;;                  2    6[COMRAM] PTR FTN()void 
  1017 ;; Registers used:
  1018 ;;		wreg, fsr2l, fsr2h, status,2, status,0, prodl, prodh, cstack
  1019 ;; Tracked objects:
  1020 ;;		On entry : 0/0
  1021 ;;		On exit  : 0/0
  1022 ;;		Unchanged: 0/0
  1023 ;; Data sizes:     COMRAM   BANK0   BANK1   BANK2   BANK3   BANK4   BANK5   BANK6   BANK7   BANK8   BANK9  BANK10  BANK1
      +1  BANK12  BANK13  BANK14  BANK15
  1024 ;;      Params:         2       0       0       0       0       0       0       0       0       0       0       0       
      +0       0       0       0       0
  1025 ;;      Locals:         0       0       0       0       0       0       0       0       0       0       0       0       
      +0       0       0       0       0
  1026 ;;      Temps:          1       0       0       0       0       0       0       0       0       0       0       0       
      +0       0       0       0       0
  1027 ;;      Totals:         3       0       0       0       0       0       0       0       0       0       0       0       
      +0       0       0       0       0
  1028 ;;Total ram usage:        3 bytes
  1029 ;; Hardware stack levels used: 1
  1030 ;; Hardware stack levels required when called: 1
  1031 ;; This function calls:
  1032 ;;		___awmod
  1033 ;; This function is called by:
  1034 ;;		_ISR
  1035 ;; This function uses a non-reentrant model
  1036 ;;
  1037                           
  1038                           	psect	text8
  1039   0010B0                     __ptext8:
  1040                           	callstack 0
  1041   0010B0                     _round_robin:
  1042                           	callstack 26
  1043   0010B0                     i2l79:
  1044   0010B0                     
  1045                           ;main.c: 109:         if (ready_queue[vez].task_state == READY) {
  1046   0010B0  5027               	movf	_vez^0,w,c
  1047   0010B2  0D05               	mullw	5
  1048   0010B4  50F3               	movf	243,w,c
  1049   0010B6  0F1C               	addlw	low (_ready_queue+4)
  1050   0010B8  6ED9               	movwf	fsr2l,c
  1051   0010BA  6ADA               	clrf	fsr2h,c
  1052   0010BC  04DE               	decf	postinc2,w,c
  1053   0010BE  A4D8               	btfss	status,2,c
  1054   0010C0  EF64  F008         	goto	i2u19_41
  1055   0010C4  EF66  F008         	goto	i2u19_40
  1056   0010C8                     i2u19_41:
  1057   0010C8  EF7F  F008         	goto	i2l1011
  1058   0010CC                     i2u19_40:
  1059   0010CC                     
  1060                           ;main.c: 110:             vez = (vez+1) % 3;
  1061   0010CC  0E01               	movlw	1
  1062   0010CE  2427               	addwf	_vez^0,w,c
  1063   0010D0  6E02               	movwf	___awmod@dividend^0,c
  1064   0010D2  6A03               	clrf	(___awmod@dividend+1)^0,c
  1065   0010D4  0E00               	movlw	0
  1066   0010D6  2203               	addwfc	(___awmod@dividend+1)^0,f,c
  1067   0010D8  6A05               	clrf	(___awmod@divisor+1)^0,c
  1068   0010DA  0E03               	movlw	3
  1069   0010DC  6E04               	movwf	___awmod@divisor^0,c
  1070   0010DE  EC01  F008         	call	___awmod	;wreg free
  1071   0010E2  5002               	movf	?___awmod^0,w,c
  1072   0010E4  6E27               	movwf	_vez^0,c
  1073   0010E6                     
  1074                           ;main.c: 111:             return ready_queue[vez].task_f;
  1075   0010E6  5027               	movf	_vez^0,w,c
  1076   0010E8  0D05               	mullw	5
  1077   0010EA  50F3               	movf	243,w,c
  1078   0010EC  0F19               	addlw	low (_ready_queue+1)
  1079   0010EE  6ED9               	movwf	fsr2l,c
  1080   0010F0  6ADA               	clrf	fsr2h,c
  1081   0010F2  CFDE F008          	movff	postinc2,?_round_robin
  1082   0010F6  CFDD F009          	movff	postdec2,?_round_robin+1
  1083   0010FA  EF9E  F008         	goto	i2l81
  1084   0010FE                     i2l1011:
  1085                           
  1086                           ;main.c: 113:         vez = (vez+1) % 3;
  1087   0010FE  0E01               	movlw	1
  1088   001100  2427               	addwf	_vez^0,w,c
  1089   001102  6E02               	movwf	___awmod@dividend^0,c
  1090   001104  6A03               	clrf	(___awmod@dividend+1)^0,c
  1091   001106  0E00               	movlw	0
  1092   001108  2203               	addwfc	(___awmod@dividend+1)^0,f,c
  1093   00110A  6A05               	clrf	(___awmod@divisor+1)^0,c
  1094   00110C  0E03               	movlw	3
  1095   00110E  6E04               	movwf	___awmod@divisor^0,c
  1096   001110  EC01  F008         	call	___awmod	;wreg free
  1097   001114  5002               	movf	?___awmod^0,w,c
  1098   001116  6E27               	movwf	_vez^0,c
  1099   001118                     
  1100                           ;main.c: 114:     } while (ready_queue[vez].task_state != READY);
  1101   001118  5027               	movf	_vez^0,w,c
  1102   00111A  0D05               	mullw	5
  1103   00111C  50F3               	movf	243,w,c
  1104   00111E  0F1C               	addlw	low (_ready_queue+4)
  1105   001120  6ED9               	movwf	fsr2l,c
  1106   001122  6ADA               	clrf	fsr2h,c
  1107   001124  04DE               	decf	postinc2,w,c
  1108   001126  A4D8               	btfss	status,2,c
  1109   001128  EF98  F008         	goto	i2u20_41
  1110   00112C  EF9A  F008         	goto	i2u20_40
  1111   001130                     i2u20_41:
  1112   001130  EF58  F008         	goto	i2l79
  1113   001134                     i2u20_40:
  1114   001134                     
  1115                           ;main.c: 116:     return ((void*)0);
  1116   001134  0E00               	movlw	0
  1117   001136  6E08               	movwf	?_round_robin^0,c
  1118   001138  0E00               	movlw	0
  1119   00113A  6E09               	movwf	(?_round_robin+1)^0,c
  1120   00113C                     i2l81:
  1121   00113C  0012               	return		;funcret
  1122   00113E                     __end_of_round_robin:
  1123                           	callstack 0
  1124                           
  1125 ;; *************** function ___awmod *****************
  1126 ;; Defined at:
  1127 ;;		line 7 in file "C:\Program Files\Microchip\xc8\v3.10\pic\sources\c99\common\awmod.c"
  1128 ;; Parameters:    Size  Location     Type
  1129 ;;  dividend        2    0[COMRAM] int 
  1130 ;;  divisor         2    2[COMRAM] int 
  1131 ;; Auto vars:     Size  Location     Type
  1132 ;;  sign            1    5[COMRAM] unsigned char 
  1133 ;;  counter         1    4[COMRAM] unsigned char 
  1134 ;; Return value:  Size  Location     Type
  1135 ;;                  2    0[COMRAM] int 
  1136 ;; Registers used:
  1137 ;;		wreg, status,2, status,0
  1138 ;; Tracked objects:
  1139 ;;		On entry : 0/0
  1140 ;;		On exit  : 0/0
  1141 ;;		Unchanged: 0/0
  1142 ;; Data sizes:     COMRAM   BANK0   BANK1   BANK2   BANK3   BANK4   BANK5   BANK6   BANK7   BANK8   BANK9  BANK10  BANK1
      +1  BANK12  BANK13  BANK14  BANK15
  1143 ;;      Params:         4       0       0       0       0       0       0       0       0       0       0       0       
      +0       0       0       0       0
  1144 ;;      Locals:         2       0       0       0       0       0       0       0       0       0       0       0       
      +0       0       0       0       0
  1145 ;;      Temps:          0       0       0       0       0       0       0       0       0       0       0       0       
      +0       0       0       0       0
  1146 ;;      Totals:         6       0       0       0       0       0       0       0       0       0       0       0       
      +0       0       0       0       0
  1147 ;;Total ram usage:        6 bytes
  1148 ;; Hardware stack levels used: 1
  1149 ;; This function calls:
  1150 ;;		Nothing
  1151 ;; This function is called by:
  1152 ;;		_round_robin
  1153 ;; This function uses a non-reentrant model
  1154 ;;
  1155                           
  1156                           	psect	text9
  1157   001002                     __ptext9:
  1158                           	callstack 0
  1159   001002                     ___awmod:
  1160                           	callstack 26
  1161   001002  6A07               	clrf	___awmod@sign^0,c
  1162   001004  BE03               	btfsc	(___awmod@dividend+1)^0,7,c
  1163   001006  EF09  F008         	goto	i2u13_40
  1164   00100A  EF07  F008         	goto	i2u13_41
  1165   00100E                     i2u13_41:
  1166   00100E  EF0F  F008         	goto	i2l971
  1167   001012                     i2u13_40:
  1168   001012  6C02               	negf	___awmod@dividend^0,c
  1169   001014  1E03               	comf	(___awmod@dividend+1)^0,f,c
  1170   001016  B0D8               	btfsc	status,0,c
  1171   001018  2A03               	incf	(___awmod@dividend+1)^0,f,c
  1172   00101A  0E01               	movlw	1
  1173   00101C  6E07               	movwf	___awmod@sign^0,c
  1174   00101E                     i2l971:
  1175   00101E  BE05               	btfsc	(___awmod@divisor+1)^0,7,c
  1176   001020  EF16  F008         	goto	i2u14_40
  1177   001024  EF14  F008         	goto	i2u14_41
  1178   001028                     i2u14_41:
  1179   001028  EF1A  F008         	goto	i2l975
  1180   00102C                     i2u14_40:
  1181   00102C  6C04               	negf	___awmod@divisor^0,c
  1182   00102E  1E05               	comf	(___awmod@divisor+1)^0,f,c
  1183   001030  B0D8               	btfsc	status,0,c
  1184   001032  2A05               	incf	(___awmod@divisor+1)^0,f,c
  1185   001034                     i2l975:
  1186   001034  5004               	movf	___awmod@divisor^0,w,c
  1187   001036  1005               	iorwf	(___awmod@divisor+1)^0,w,c
  1188   001038  B4D8               	btfsc	status,2,c
  1189   00103A  EF21  F008         	goto	i2u15_41
  1190   00103E  EF23  F008         	goto	i2u15_40
  1191   001042                     i2u15_41:
  1192   001042  EF47  F008         	goto	i2l991
  1193   001046                     i2u15_40:
  1194   001046  0E01               	movlw	1
  1195   001048  6E06               	movwf	___awmod@counter^0,c
  1196   00104A  EF2B  F008         	goto	i2l981
  1197   00104E                     i2l979:
  1198   00104E  90D8               	bcf	status,0,c
  1199   001050  3604               	rlcf	___awmod@divisor^0,f,c
  1200   001052  3605               	rlcf	(___awmod@divisor+1)^0,f,c
  1201   001054  2A06               	incf	___awmod@counter^0,f,c
  1202   001056                     i2l981:
  1203   001056  AE05               	btfss	(___awmod@divisor+1)^0,7,c
  1204   001058  EF30  F008         	goto	i2u16_41
  1205   00105C  EF32  F008         	goto	i2u16_40
  1206   001060                     i2u16_41:
  1207   001060  EF27  F008         	goto	i2l979
  1208   001064                     i2u16_40:
  1209   001064                     i2l983:
  1210   001064  5004               	movf	___awmod@divisor^0,w,c
  1211   001066  5C02               	subwf	___awmod@dividend^0,w,c
  1212   001068  5005               	movf	(___awmod@divisor+1)^0,w,c
  1213   00106A  5803               	subwfb	(___awmod@dividend+1)^0,w,c
  1214   00106C  A0D8               	btfss	status,0,c
  1215   00106E  EF3B  F008         	goto	i2u17_41
  1216   001072  EF3D  F008         	goto	i2u17_40
  1217   001076                     i2u17_41:
  1218   001076  EF41  F008         	goto	i2l987
  1219   00107A                     i2u17_40:
  1220   00107A  5004               	movf	___awmod@divisor^0,w,c
  1221   00107C  5E02               	subwf	___awmod@dividend^0,f,c
  1222   00107E  5005               	movf	(___awmod@divisor+1)^0,w,c
  1223   001080  5A03               	subwfb	(___awmod@dividend+1)^0,f,c
  1224   001082                     i2l987:
  1225   001082  90D8               	bcf	status,0,c
  1226   001084  3205               	rrcf	(___awmod@divisor+1)^0,f,c
  1227   001086  3204               	rrcf	___awmod@divisor^0,f,c
  1228   001088  2E06               	decfsz	___awmod@counter^0,f,c
  1229   00108A  EF32  F008         	goto	i2l983
  1230   00108E                     i2l991:
  1231   00108E  5007               	movf	___awmod@sign^0,w,c
  1232   001090  B4D8               	btfsc	status,2,c
  1233   001092  EF4D  F008         	goto	i2u18_41
  1234   001096  EF4F  F008         	goto	i2u18_40
  1235   00109A                     i2u18_41:
  1236   00109A  EF53  F008         	goto	i2l995
  1237   00109E                     i2u18_40:
  1238   00109E  6C02               	negf	___awmod@dividend^0,c
  1239   0010A0  1E03               	comf	(___awmod@dividend+1)^0,f,c
  1240   0010A2  B0D8               	btfsc	status,0,c
  1241   0010A4  2A03               	incf	(___awmod@dividend+1)^0,f,c
  1242   0010A6                     i2l995:
  1243   0010A6  C002  F002         	movff	___awmod@dividend,?___awmod
  1244   0010AA  C003  F003         	movff	___awmod@dividend+1,?___awmod+1
  1245   0010AE  0012               	return		;funcret
  1246   0010B0                     __end_of___awmod:
  1247                           	callstack 0
  1248                           
  1249                           	psect	smallconst
  1250   001000                     __psmallconst:
  1251                           	callstack 0
  1252   001000  00                 	db	0
  1253   001001  00                 	db	0	; dummy byte at the end
  1254   001000                     __smallconst    set	__psmallconst
  1255   001000                     __mediumconst   set	__psmallconst
  1256   000002                     __activetblptr  equ	2
  1257                           
  1258                           	psect	rparam
  1259   000001                     ___rparam_used  equ	1
  1260   000000                     ___param_bank   equ	0
  1261   000000                     __Lparam        equ	__Lrparam
  1262   000000                     __Hparam        equ	__Hrparam
  1263   000001                     btemp           set	1	;btemp
  1264   000001                     int$flags       set	1
  1265   000001                     btemp0          set	1
  1266   000002                     btemp1          set	2
  1267                           tosu	equ	0xFFF
  1268                           tosh	equ	0xFFE
  1269                           tosl	equ	0xFFD
  1270                           stkptr	equ	0xFFC
  1271                           pclatu	equ	0xFFB
  1272                           pclath	equ	0xFFA
  1273                           pcl	equ	0xFF9
  1274                           tblptru	equ	0xFF8
  1275                           tblptrh	equ	0xFF7
  1276                           tblptrl	equ	0xFF6
  1277                           tablat	equ	0xFF5
  1278                           prodh	equ	0xFF4
  1279                           prodl	equ	0xFF3
  1280                           indf0	equ	0xFEF
  1281                           postinc0	equ	0xFEE
  1282                           postdec0	equ	0xFED
  1283                           preinc0	equ	0xFEC
  1284                           plusw0	equ	0xFEB
  1285                           fsr0h	equ	0xFEA
  1286                           fsr0l	equ	0xFE9
  1287                           wreg	equ	0xFE8
  1288                           indf1	equ	0xFE7
  1289                           postinc1	equ	0xFE6
  1290                           postdec1	equ	0xFE5
  1291                           preinc1	equ	0xFE4
  1292                           plusw1	equ	0xFE3
  1293                           fsr1h	equ	0xFE2
  1294                           fsr1l	equ	0xFE1
  1295                           bsr	equ	0xFE0
  1296                           indf2	equ	0xFDF
  1297                           postinc2	equ	0xFDE
  1298                           postdec2	equ	0xFDD
  1299                           preinc2	equ	0xFDC
  1300                           plusw2	equ	0xFDB
  1301                           fsr2h	equ	0xFDA
  1302                           fsr2l	equ	0xFD9
  1303                           status	equ	0xFD8

Data Sizes:
    Strings     0
    Constant    0
    Data        0
    BSS         17
    Persistent  0
    Stack       0

Auto Spaces:
    Space          Size  Autos    Used
    COMRAM           94     22      39
    BANK0           160      0       0
    BANK1           256      0       0
    BANK2           256      0       0
    BANK3           256      0       0
    BANK4           256      0       0
    BANK5           256      0       0
    BANK6           256      0       0
    BANK7           256      0       0
    BANK8           256      0       0
    BANK9           256      0       0
    BANK10          256      0       0
    BANK11          256      0       0
    BANK12          256      0       0
    BANK13          256      0       0
    BANK14          256      0       0
    BANK15           56      0       0

Pointer List with Targets:

    create_task@f	PTR FTN()void  size(2) Largest target is 1
		 -> task_1(), task_2(), task_3(), 

    ready_queue$task_f	PTR FTN()void  size(2) Largest target is 1
		 -> task_1(), task_2(), task_3(), 

    S29tcb$task_f	PTR FTN()void  size(2) Largest target is 1
		 -> task_1(), task_2(), task_3(), 

    sp__round_robin	PTR FTN()void  size(2) Largest target is 1
		 -> task_1(), task_2(), task_3(), NULL(NULL[0]), 


Critical Paths under _main in COMRAM

    _main->_create_task

Critical Paths under _task_1 in COMRAM

    None.

Critical Paths under _task_2 in COMRAM

    None.

Critical Paths under _task_3 in COMRAM

    None.

Critical Paths under _task_1 in COMRAM

    None.

Critical Paths under _task_2 in COMRAM

    None.

Critical Paths under _task_3 in COMRAM

    None.

Critical Paths under _ISR in COMRAM

    _ISR->_round_robin
    _round_robin->___awmod

Critical Paths under _main in BANK0

    None.

Critical Paths under _task_1 in BANK0

    None.

Critical Paths under _task_2 in BANK0

    None.

Critical Paths under _task_3 in BANK0

    None.

Critical Paths under _task_1 in BANK0

    None.

Critical Paths under _task_2 in BANK0

    None.

Critical Paths under _task_3 in BANK0

    None.

Critical Paths under _ISR in BANK0

    None.

Critical Paths under _main in BANK1

    None.

Critical Paths under _task_1 in BANK1

    None.

Critical Paths under _task_2 in BANK1

    None.

Critical Paths under _task_3 in BANK1

    None.

Critical Paths under _task_1 in BANK1

    None.

Critical Paths under _task_2 in BANK1

    None.

Critical Paths under _task_3 in BANK1

    None.

Critical Paths under _ISR in BANK1

    None.

Critical Paths under _main in BANK2

    None.

Critical Paths under _task_1 in BANK2

    None.

Critical Paths under _task_2 in BANK2

    None.

Critical Paths under _task_3 in BANK2

    None.

Critical Paths under _task_1 in BANK2

    None.

Critical Paths under _task_2 in BANK2

    None.

Critical Paths under _task_3 in BANK2

    None.

Critical Paths under _ISR in BANK2

    None.

Critical Paths under _main in BANK3

    None.

Critical Paths under _task_1 in BANK3

    None.

Critical Paths under _task_2 in BANK3

    None.

Critical Paths under _task_3 in BANK3

    None.

Critical Paths under _task_1 in BANK3

    None.

Critical Paths under _task_2 in BANK3

    None.

Critical Paths under _task_3 in BANK3

    None.

Critical Paths under _ISR in BANK3

    None.

Critical Paths under _main in BANK4

    None.

Critical Paths under _task_1 in BANK4

    None.

Critical Paths under _task_2 in BANK4

    None.

Critical Paths under _task_3 in BANK4

    None.

Critical Paths under _task_1 in BANK4

    None.

Critical Paths under _task_2 in BANK4

    None.

Critical Paths under _task_3 in BANK4

    None.

Critical Paths under _ISR in BANK4

    None.

Critical Paths under _main in BANK5

    None.

Critical Paths under _task_1 in BANK5

    None.

Critical Paths under _task_2 in BANK5

    None.

Critical Paths under _task_3 in BANK5

    None.

Critical Paths under _task_1 in BANK5

    None.

Critical Paths under _task_2 in BANK5

    None.

Critical Paths under _task_3 in BANK5

    None.

Critical Paths under _ISR in BANK5

    None.

Critical Paths under _main in BANK6

    None.

Critical Paths under _task_1 in BANK6

    None.

Critical Paths under _task_2 in BANK6

    None.

Critical Paths under _task_3 in BANK6

    None.

Critical Paths under _task_1 in BANK6

    None.

Critical Paths under _task_2 in BANK6

    None.

Critical Paths under _task_3 in BANK6

    None.

Critical Paths under _ISR in BANK6

    None.

Critical Paths under _main in BANK7

    None.

Critical Paths under _task_1 in BANK7

    None.

Critical Paths under _task_2 in BANK7

    None.

Critical Paths under _task_3 in BANK7

    None.

Critical Paths under _task_1 in BANK7

    None.

Critical Paths under _task_2 in BANK7

    None.

Critical Paths under _task_3 in BANK7

    None.

Critical Paths under _ISR in BANK7

    None.

Critical Paths under _main in BANK8

    None.

Critical Paths under _task_1 in BANK8

    None.

Critical Paths under _task_2 in BANK8

    None.

Critical Paths under _task_3 in BANK8

    None.

Critical Paths under _task_1 in BANK8

    None.

Critical Paths under _task_2 in BANK8

    None.

Critical Paths under _task_3 in BANK8

    None.

Critical Paths under _ISR in BANK8

    None.

Critical Paths under _main in BANK9

    None.

Critical Paths under _task_1 in BANK9

    None.

Critical Paths under _task_2 in BANK9

    None.

Critical Paths under _task_3 in BANK9

    None.

Critical Paths under _task_1 in BANK9

    None.

Critical Paths under _task_2 in BANK9

    None.

Critical Paths under _task_3 in BANK9

    None.

Critical Paths under _ISR in BANK9

    None.

Critical Paths under _main in BANK10

    None.

Critical Paths under _task_1 in BANK10

    None.

Critical Paths under _task_2 in BANK10

    None.

Critical Paths under _task_3 in BANK10

    None.

Critical Paths under _task_1 in BANK10

    None.

Critical Paths under _task_2 in BANK10

    None.

Critical Paths under _task_3 in BANK10

    None.

Critical Paths under _ISR in BANK10

    None.

Critical Paths under _main in BANK11

    None.

Critical Paths under _task_1 in BANK11

    None.

Critical Paths under _task_2 in BANK11

    None.

Critical Paths under _task_3 in BANK11

    None.

Critical Paths under _task_1 in BANK11

    None.

Critical Paths under _task_2 in BANK11

    None.

Critical Paths under _task_3 in BANK11

    None.

Critical Paths under _ISR in BANK11

    None.

Critical Paths under _main in BANK12

    None.

Critical Paths under _task_1 in BANK12

    None.

Critical Paths under _task_2 in BANK12

    None.

Critical Paths under _task_3 in BANK12

    None.

Critical Paths under _task_1 in BANK12

    None.

Critical Paths under _task_2 in BANK12

    None.

Critical Paths under _task_3 in BANK12

    None.

Critical Paths under _ISR in BANK12

    None.

Critical Paths under _main in BANK13

    None.

Critical Paths under _task_1 in BANK13

    None.

Critical Paths under _task_2 in BANK13

    None.

Critical Paths under _task_3 in BANK13

    None.

Critical Paths under _task_1 in BANK13

    None.

Critical Paths under _task_2 in BANK13

    None.

Critical Paths under _task_3 in BANK13

    None.

Critical Paths under _ISR in BANK13

    None.

Critical Paths under _main in BANK14

    None.

Critical Paths under _task_1 in BANK14

    None.

Critical Paths under _task_2 in BANK14

    None.

Critical Paths under _task_3 in BANK14

    None.

Critical Paths under _task_1 in BANK14

    None.

Critical Paths under _task_2 in BANK14

    None.

Critical Paths under _task_3 in BANK14

    None.

Critical Paths under _ISR in BANK14

    None.

Critical Paths under _main in BANK15

    None.

Critical Paths under _task_1 in BANK15

    None.

Critical Paths under _task_2 in BANK15

    None.

Critical Paths under _task_3 in BANK15

    None.

Critical Paths under _task_1 in BANK15

    None.

Critical Paths under _task_2 in BANK15

    None.

Critical Paths under _task_3 in BANK15

    None.

Critical Paths under _ISR in BANK15

    None.

Call Graph Tables:

 ---------------------------------------------------------------------------------
 (Depth) Function   	        Calls       Base Space   Used Autos Params    Refs
 ---------------------------------------------------------------------------------
 (0) _main                                                 0     0      0      50
                       _config_tasks
                      _config_timer0
                        _create_task
 ---------------------------------------------------------------------------------
 (1) _create_task                                          3     0      3      50
                                             19 COMRAM     3     0      3
 ---------------------------------------------------------------------------------
 (1) _config_timer0                                        0     0      0       0
 ---------------------------------------------------------------------------------
 (1) _config_tasks                                         0     0      0       0
 ---------------------------------------------------------------------------------
 Estimated maximum stack depth 1
 ---------------------------------------------------------------------------------
 (Depth) Function   	        Calls       Base Space   Used Autos Params    Refs
 ---------------------------------------------------------------------------------
 (2) _task_1                                               1     1      0       0
                                             16 COMRAM     1     1      0
 ---------------------------------------------------------------------------------
 Estimated maximum stack depth 2
 ---------------------------------------------------------------------------------
 (Depth) Function   	        Calls       Base Space   Used Autos Params    Refs
 ---------------------------------------------------------------------------------
 (2) _task_2                                               1     1      0       0
                                             17 COMRAM     1     1      0
 ---------------------------------------------------------------------------------
 Estimated maximum stack depth 2
 ---------------------------------------------------------------------------------
 (Depth) Function   	        Calls       Base Space   Used Autos Params    Refs
 ---------------------------------------------------------------------------------
 (2) _task_3                                               1     1      0       0
                                             18 COMRAM     1     1      0
 ---------------------------------------------------------------------------------
 Estimated maximum stack depth 2
 ---------------------------------------------------------------------------------
 (Depth) Function   	        Calls       Base Space   Used Autos Params    Refs
 ---------------------------------------------------------------------------------
 (2) _task_1                                               1     1      0       0
                                             16 COMRAM     1     1      0
 ---------------------------------------------------------------------------------
 Estimated maximum stack depth 2
 ---------------------------------------------------------------------------------
 (Depth) Function   	        Calls       Base Space   Used Autos Params    Refs
 ---------------------------------------------------------------------------------
 (2) _task_2                                               1     1      0       0
                                             17 COMRAM     1     1      0
 ---------------------------------------------------------------------------------
 Estimated maximum stack depth 2
 ---------------------------------------------------------------------------------
 (Depth) Function   	        Calls       Base Space   Used Autos Params    Refs
 ---------------------------------------------------------------------------------
 (2) _task_3                                               1     1      0       0
                                             18 COMRAM     1     1      0
 ---------------------------------------------------------------------------------
 Estimated maximum stack depth 2
 ---------------------------------------------------------------------------------
 (Depth) Function   	        Calls       Base Space   Used Autos Params    Refs
 ---------------------------------------------------------------------------------
 (3) _ISR                                                  4     4      0     300
                                              9 COMRAM     4     4      0
                        _round_robin
 ---------------------------------------------------------------------------------
 (4) _round_robin                                          3     1      2     300
                                              6 COMRAM     3     1      2
                            ___awmod
 ---------------------------------------------------------------------------------
 (5) ___awmod                                              6     2      4     300
                                              0 COMRAM     6     2      4
 ---------------------------------------------------------------------------------
 Estimated maximum stack depth 5
 ---------------------------------------------------------------------------------

 Call Graph Graphs:

 _main (ROOT)
   _config_tasks
   _config_timer0
   _create_task

 _task_1 (ROOT)

 _task_2 (ROOT)

 _task_3 (ROOT)

 _task_1 (ROOT)

 _task_2 (ROOT)

 _task_3 (ROOT)

 _ISR (ROOT)
   _round_robin
     ___awmod

Address spaces:
Name               Size   Autos  Total    Usage
BIGRAM            3895      0       0      0.0%
BITBANK14          256      0       0      0.0%
BANK14             256      0       0      0.0%
BITBANK13          256      0       0      0.0%
BANK13             256      0       0      0.0%
BITBANK12          256      0       0      0.0%
BANK12             256      0       0      0.0%
BITBANK11          256      0       0      0.0%
BANK11             256      0       0      0.0%
BITBANK10          256      0       0      0.0%
BANK10             256      0       0      0.0%
BITBANK9           256      0       0      0.0%
BANK9              256      0       0      0.0%
BITBANK8           256      0       0      0.0%
BANK8              256      0       0      0.0%
BITBANK7           256      0       0      0.0%
BANK7              256      0       0      0.0%
BITBANK6           256      0       0      0.0%
BANK6              256      0       0      0.0%
BITBANK5           256      0       0      0.0%
BANK5              256      0       0      0.0%
BITBANK4           256      0       0      0.0%
BANK4              256      0       0      0.0%
BITBANK3           256      0       0      0.0%
BANK3              256      0       0      0.0%
BITBANK2           256      0       0      0.0%
BANK2              256      0       0      0.0%
BITBANK1           256      0       0      0.0%
BANK1              256      0       0      0.0%
BITBANK0           160      0       0      0.0%
BANK0              160      0       0      0.0%
BITBIGSFRh         112      0       0      0.0%
BITCOMRAM           94      0       0      0.0%
COMRAM              94     22      39     41.5%
BITBIGSFRlh         80      0       0      0.0%
BITBANK15           56      0       0      0.0%
BANK15              56      0       0      0.0%
BITBIGSFRll          3      0       0      0.0%
STACK                0      0       0      0.0%
DATA                 0      0      39      0.0%


Microchip Technology PIC18 Macro Assembler V3.10 build 20250813170317 
Symbol Table                                                                                   Wed Mar 18 15:58:37 2026

                     l43 11BC                       l52 1182                       l44 11BC  
                     l61 1216                       l73 11C4                       l49 126E  
                     l67 11EE                       l85 127E             create_task@f 0015  
                    l913 1256                      l907 1270                      l915 1260  
                    l917 1264                      l919 126C                      l961 11C4  
                    l957 1216                      l959 11EE                      l999 113E  
                    _ISR 0008                      _TOS 0FFD            create_task@id 0017  
                    _pos 0028                      _vez 0027              _round_robin 10B0  
           ___awmod@sign 0007                      wreg 0FE8                     ?_ISR 0002  
                   l1001 1180                     l1021 1188                     l1023 1198  
                   l1025 11A8                     l1027 11B8                     l1019 1184  
                   i2l81 113C                     i2l58 0042                     i2l79 10B0  
                   _TMR0 0FD6                     _main 1184                     fsr2h 0FDA  
                   indf2 0FDF                     fsr2l 0FD9                     btemp 0001  
                   prodh 0FF4                     prodl 0FF3                     start 0056  
         ??_config_tasks 0015             ___param_bank 0000                    ??_ISR 000B  
                  ?_main 0002          __end_of___awmod 10B0                    i2l442 10AE  
                  i2l971 101E                    i2l963 1002                    i2l981 1056  
                  i2l973 102C                    i2l965 1004                    i2l983 1064  
                  i2l991 108E                    i2l975 1034                    i2l967 1012  
                  i2l993 109E                    i2l985 107A                    i2l977 1046  
                  i2l969 101A                    i2l995 10A6                    i2l987 1082  
                  i2l979 104E                    i2l989 1088                    u10_20 1226  
                  u10_21 1220                    u10_26 1228                    u11_20 11FE  
                  u11_21 11F8                    u11_26 1200                    u12_20 11D4  
                  u12_21 11CE                    u12_26 11D6                    btemp0 0001  
                  btemp1 0002                    status 0FD8          ??_config_timer0 0015  
        __initialization 123C             __end_of_main 11C4                   ??_main 0018  
          __activetblptr 0002                   i2l1011 10FE                   i2l1003 10B0  
                 i2l1013 1118                   i2l1005 10CC                   i2l1015 1134  
                 i2l1007 10E6                   i2l1031 0028                   i2l1033 002A  
                 i2l1035 0030                   i2l1037 0034                   i2l1029 001A  
                 _STKPTR 0FFC                ??___awmod 0006                   clear_0 1242  
                 _task_1 1216                   _task_2 11EE                   _task_3 11C4  
        ___awmod@divisor 0004                   isa$std 0001          ___awmod@counter 0006  
   __end_of_config_tasks 1280             __mediumconst 1000                   tblptru 0FF8  
             __accesstop 0060  __end_of__initialization 1248            ___rparam_used 0001  
         __pcstackCOMRAM 0002             ?_round_robin 0008                  ?_task_1 0002  
                ?_task_2 0002                  ?_task_3 0002                  i2u20_40 1134  
                i2u20_41 1130                  i2u13_40 1012                  i2u21_40 0028  
                i2u13_41 100E                  i2u21_41 0024                  i2u14_40 102C  
                i2u14_41 1028                  i2u15_40 1046                  i2u15_41 1042  
                i2u16_40 1064                  i2u16_41 1060                  i2u17_40 107A  
                i2u17_41 1076                  i2u18_40 109E                  i2u18_41 109A  
                i2u19_40 10CC                  i2u19_41 10C8                  __Hparam 0000  
                __Lparam 0000                  ___awmod 1002             __psmallconst 1000  
                __pcinit 123C                  __ramtop 1000                  __ptext0 1184  
                __ptext1 113E                  __ptext2 1256                  __ptext3 1270  
                __ptext4 1216                  __ptext5 11EE                  __ptext6 11C4  
                __ptext8 10B0                  __ptext9 1002                _T0CONbits 0FD5  
       ___awmod@dividend 0002     end_of_initialization 1248            __Lmediumconst 0000  
  __end_of_config_timer0 1270             _config_tasks 1270                  postdec2 0FDD  
                postinc0 0FEE                  postinc2 0FDE                _PORTDbits 0F83  
              _TRISDbits 0F95            ??_create_task 0018           __end_of_task_1 123C  
         __end_of_task_2 1216           __end_of_task_3 11EE      start_initialization 123C  
            __end_of_ISR 0056      __end_of_create_task 1184                 ??_task_1 0012  
               ??_task_2 0013                 ??_task_3 0014              __pbssCOMRAM 0018  
              __pintcode 0008                 ?___awmod 0002              __smallconst 1000  
            _create_task 113E                 _LATDbits 0F8C                 __Hrparam 0000  
               __Lrparam 0000               _ANSELDbits 0F3B            ??_round_robin 000A  
            _ready_queue 0018                 isa$xinst 0000                 int$flags 0001  
             _INTCONbits 0FF2      __end_of_round_robin 113E                 intlevel1 0000  
               intlevel2 0000            _config_timer0 1256             ?_create_task 0015  
         ?_config_timer0 0002            ?_config_tasks 0002  
